{"logLevel":"debug","message":"multithreading is set to false"}
{"logLevel":"debug","message":"Using reflection to scan dependencies for gauge implementations..."}
SLF4J: Failed to load class "org.slf4j.impl.StaticLoggerBinder".
SLF4J: Defaulting to no-operation (NOP) logger implementation
SLF4J: See http://www.slf4j.org/codes.html#StaticLoggerBinder for further details.
{"logLevel":"debug","message":"gauge-java took 482milliseconds to load and scan. This should be less than 'runner_connection_timeout' config value."}
{"logLevel":"debug","message":"run 'gauge config runner_connection_timeout' and verify that it is < 482"}
{"logLevel":"debug","message":"starting gRPC server..."}
{"logLevel":"debug","message":"started gRPC server on port 41345"}
{"logLevel":"info","message":"Listening on port:41345"}
{"logLevel":"debug","message":"Scanning packages for steps"}
{"logLevel":"debug","message":"Comparing 'home.third' and 'home.third'"}
{"logLevel":"debug","message":"Found abcdef in current project scope."}
{"logLevel":"debug","message":"Scanning packages for hooks"}
{"logLevel":"debug","message":"Scanned steps (using static parsing + reflections): "}
{"logLevel":"debug","message":"\tabcdef : public void third() throws InterruptedException"}
Starting ChromeDriver 103.0.5060.134 (8ec6fce403b3feb0869b0732eda8bd95011d333c-refs/branch-heads/5060@{#1262}) on port 27297
Only local connections are allowed.
Please see https://chromedriver.chromium.org/security-considerations for suggestions on keeping ChromeDriver safe.
ChromeDriver was started successfully.
Aug 01, 2022 1:17:53 PM org.openqa.selenium.remote.ProtocolHandshake createSession
INFO: Detected dialect: W3C
{"logLevel":"debug","message":"Executing 'abcdef' using 'class home.third"}
 here is size of link: 163
String
String
THe URL is valid https://www.xenonstack.com/
https://www.xenonstack.com/
https://www.xenonstack.com/blog/
https://www.xenonstack.com/neural-company-enablers/
https://www.xenonstack.com/
https://www.xenonstack.com/artificial-intelligence-services/
https://www.xenonstack.com/cloud-services/
https://www.xenonstack.com/services/big-data-services/
https://www.xenonstack.com/product-engineering/platform-services/
https://www.xenonstack.com/artificial-intelligence-services/computer-vision/
https://www.xenonstack.com/artificial-intelligence-services/rpa-services/
https://www.xenonstack.com/artificial-intelligence-services/cognitive-customer-analytics/
https://www.xenonstack.com/artificial-intelligence-services/natural-language-processing/
https://www.xenonstack.com/solutions/cloud-native-applications/
https://www.xenonstack.com/solutions/application-modernization/
https://www.xenonstack.com/services/cloud-migration/
https://www.xenonstack.com/hybrid-and-multi-cloud/
https://www.xenonstack.com/services/big-data-services/
https://www.xenonstack.com/solutions/data-warehouse/
https://www.xenonstack.com/big-data-analytics/
https://www.xenonstack.com/solutions/internet-of-things/
https://www.xenonstack.com/big-data-analytics/data-visualization/
https://www.xenonstack.com/product-engineering/platform-services/
https://www.xenonstack.com/connected-intelligent-enterprise/
https://www.xenonstack.com/cloud-security/
https://www.xenonstack.com/managed-services/
https://www.xenonstack.com/services/
https://www.xenonstack.com/technology-consulting/
https://www.xenonstack.com/solutions/
https://www.xenonstack.com/technology-consulting/google-cloud-platform/
https://www.xenonstack.com/technology-consulting/aws-cloud-services/
https://www.xenonstack.com/technology-consulting/azure-cloud-services/
https://www.xenonstack.com/solutions/kubernetes-solutions/
https://www.xenonstack.com/gitops-continuous-delivery/
https://www.xenonstack.com/knowledge-graph/
https://www.xenonstack.com/product-engineering/data-catalog-platform/
https://www.xenonstack.com/big-data-analytics/machine-learning/
https://www.xenonstack.com/services/serverless-development/
https://www.xenonstack.com/product-engineering/infrastructure-as-code-platform/
https://www.xenonstack.com/services/real-time-analytics/
https://www.xenonstack.com/digital-twin/
https://www.xenonstack.com/solutions/big-data-testing/
https://www.xenonstack.com/enterprise-search/
https://www.xenonstack.com/solutions/blockchain/
https://www.xenonstack.com/solutions/business-intelligence/
https://www.xenonstack.com/solutions/
https://www.xenonstack.com/readiness-assessment/
https://www.xenonstack.com/artificial-intelligence-solutions/
https://www.xenonstack.com/readiness-assessment/devops-strategy/
https://www.xenonstack.com/readiness-assessment/cloud-consulting/
https://www.xenonstack.com/readiness-assessment/big-data-assessment/
https://www.xenonstack.com/readiness-assessment/data-science-strategy/
https://www.xenonstack.com/artificial-intelligence-solutions/infrastructure/
https://www.xenonstack.com/artificial-intelligence-solutions/healthcare/
https://www.xenonstack.com/artificial-intelligence-solutions/public-safety/
https://www.xenonstack.com/artificial-intelligence-solutions/banking-and-finance/
https://www.xenonstack.com/artificial-intelligence-solutions/cyber-security/
https://www.xenonstack.com/artificial-intelligence-solutions/retail-supply-chain/
https://www.xenonstack.com/artificial-intelligence-solutions/insurance/
https://www.xenonstack.com/artificial-intelligence-solutions/manufacturing/
https://www.xenonstack.com/industries/
https://www.xenonstack.com/industries/
https://www.xenonstack.com/blog/
https://www.xenonstack.com/insights/
https://www.xenonstack.com/videos/
https://www.xenonstack.com/use-cases/
https://www.xenonstack.com/resources/
https://www.xenonstack.com/blog/
https://www.xenonstack.com/insights/
https://www.xenonstack.com/videos/
https://www.xenonstack.com/use-cases/
https://www.xenonstack.com/resources/
https://www.xenonstack.com/neural-company/
https://www.xenonstack.com/about-us/partners-clients/
https://www.xenonstack.com/neural-company/
https://www.xenonstack.com/about-us/
https://www.xenonstack.com/our-purpose/
https://www.xenonstack.com/how-we-work/
https://www.xenonstack.com/how-we-grow/
https://www.xenonstack.com/about-us/partners-clients/
https://www.xenonstack.com/xenonstack-university/
https://www.xenonstack.com/neural-company-enablers/
https://www.xenonstack.com/neural-company/
https://www.xenonstack.com/contact-us/
https://www.xenonstack.com/blog/
https://www.xenonstack.com/neural-company-enablers/
https://enterprise.xenonstack.com/
https://www.xenonstack.com/solutions/cloud-native-applications/
https://www.xenonstack.com/services/dataops/
https://www.xenonstack.com/artificial-intelligence-services/
https://www.xenonstack.com/product-engineering/platform-services/
https://www.xenonstack.com/cloud-services/
https://www.xenonstack.com/big-data-analytics/
https://www.xenonstack.com/artificial-intelligence-services/rpa-services/
https://www.xenonstack.com/cyber-security/
https://www.xenonstack.com/managed-services/
https://www.xenonstack.com/artificial-intelligence-services/
https://www.xenonstack.com/sre-managed/
https://www.xenonstack.com/services/data-intelligence/
https://www.xenonstack.com/technology-consulting/
https://www.xenonstack.com/insights/digital-platform
https://www.xenonstack.com/industries/
https://www.xenonstack.com/use-cases/
https://www.xenonstack.com/internal-developer-platform/
https://www.xenonstack.com/cloud-siem-managed/
https://www.xenonstack.com/data-observability/
https://www.xenonstack.com/explainable-ai-modelops/
https://www.xenonstack.com/blog/tag/data-science
https://www.xenonstack.com/blog/edge-ai-vs-federated-learning
https://www.xenonstack.com/blog/tag/enterprise-ai
https://www.xenonstack.com/blog/machine-learning-platforms
https://www.xenonstack.com/blog/tag/big-data-engineering
https://www.xenonstack.com/blog/data-management-best-practices
https://www.xenonstack.com/blog/tag/devops
https://www.xenonstack.com/blog/seven-best-practices-for-enterprise-devops
https://www.xenonstack.com/neural-company/
https://www.youtube.com/c/XenonStackOfficial
https://www.linkedin.com/company/xenonstack/
https://www.facebook.com/XenonStack
https://twitter.com/xenonstack
https://medium.com/@xenonstack
https://www.instagram.com/teamxenonstack/
https://www.xenonstack.com/blog/
https://www.xenonstack.com/about-us/
https://www.xenonstack.com/careers/
https://www.xenonstack.com/neural-company-enablers/
https://www.xenonstack.com/services/devops/
https://www.xenonstack.com/solutions/kubernetes/
https://www.xenonstack.com/data-observability/
https://www.xenonstack.com/enterprise/serverless-development/
https://www.xenonstack.com/solutions/application-modernization/
https://www.xenonstack.com/knowledge-graph/
https://www.xenonstack.com/solutions/internet-of-things/
https://www.xenonstack.com/services/real-time-analytics/
https://www.xenonstack.com/solutions/data-lake/
https://www.xenonstack.com/solutions/data-warehouse/
https://www.xenonstack.com/artificial-intelligence-services/computer-vision/
https://www.xenonstack.com/enterprise-search/
https://www.xenonstack.com/blog/mlops
https://www.xenonstack.com/talk-to-specialist/conversational-ai/
https://www.xenonstack.com/artificial-intelligence-services/rpa-services/
https://www.xenonstack.com/product-engineering/user-experience/
https://www.xenonstack.com/blog/ai-based-video-analytics
https://www.xenonstack.com/cloud-security/
https://www.xenonstack.com/solutions/cloud-native-applications/
https://www.xenonstack.com/product-engineering/platform-services/
https://www.xenonstack.com/managed-services/dataops/
https://www.xenonstack.com/sre-managed/
https://www.xenonstack.com/insights/managed-analytics
https://www.xenonstack.com/managed-ai-cloud/
https://www.xenonstack.com/cloud-siem-managed/
https://landscape.cncf.io/members?selected=xenon-stack-member
