{"logLevel":"debug","message":"multithreading is set to false"}
{"logLevel":"debug","message":"Using reflection to scan dependencies for gauge implementations..."}
SLF4J: Failed to load class "org.slf4j.impl.StaticLoggerBinder".
SLF4J: Defaulting to no-operation (NOP) logger implementation
SLF4J: See http://www.slf4j.org/codes.html#StaticLoggerBinder for further details.
{"logLevel":"debug","message":"gauge-java took 486milliseconds to load and scan. This should be less than 'runner_connection_timeout' config value."}
{"logLevel":"debug","message":"run 'gauge config runner_connection_timeout' and verify that it is < 486"}
{"logLevel":"debug","message":"starting gRPC server..."}
{"logLevel":"debug","message":"started gRPC server on port 32815"}
{"logLevel":"info","message":"Listening on port:32815"}
{"logLevel":"debug","message":"Scanning packages for steps"}
{"logLevel":"debug","message":"Comparing 'home.third' and 'home.third'"}
{"logLevel":"debug","message":"Found abcdef in current project scope."}
{"logLevel":"debug","message":"Scanning packages for hooks"}
{"logLevel":"debug","message":"Scanned steps (using static parsing + reflections): "}
{"logLevel":"debug","message":"\tabcdef : public void third() throws InterruptedException"}
Starting ChromeDriver 103.0.5060.134 (8ec6fce403b3feb0869b0732eda8bd95011d333c-refs/branch-heads/5060@{#1262}) on port 6447
Only local connections are allowed.
Please see https://chromedriver.chromium.org/security-considerations for suggestions on keeping ChromeDriver safe.
ChromeDriver was started successfully.
Aug 01, 2022 2:03:27 PM org.openqa.selenium.remote.ProtocolHandshake createSession
INFO: Detected dialect: W3C
{"logLevel":"debug","message":"Executing 'abcdef' using 'class home.third"}
 here is size of link: 163
String
String
THe URL is valid https://www.xenonstack.com/
The title and URL is valid
We are at verified page
THe URL is valid https://www.xenonstack.com/blog/
THe URL is valid https://www.xenonstack.com/neural-company-enablers/
THe URL is valid https://www.xenonstack.com/
THe URL is valid https://www.xenonstack.com/artificial-intelligence-services/
THe URL is valid https://www.xenonstack.com/cloud-services/
THe URL is valid https://www.xenonstack.com/services/big-data-services/
THe URL is valid https://www.xenonstack.com/product-engineering/platform-services/
THe URL is valid https://www.xenonstack.com/artificial-intelligence-services/computer-vision/
THe URL is valid https://www.xenonstack.com/artificial-intelligence-services/rpa-services/
THe URL is valid https://www.xenonstack.com/artificial-intelligence-services/cognitive-customer-analytics/
THe URL is valid https://www.xenonstack.com/artificial-intelligence-services/natural-language-processing/
THe URL is valid https://www.xenonstack.com/solutions/cloud-native-applications/
THe URL is valid https://www.xenonstack.com/solutions/application-modernization/
THe URL is valid https://www.xenonstack.com/services/cloud-migration/
THe URL is valid https://www.xenonstack.com/hybrid-and-multi-cloud/
THe URL is valid https://www.xenonstack.com/services/big-data-services/
THe URL is valid https://www.xenonstack.com/solutions/data-warehouse/
THe URL is valid https://www.xenonstack.com/big-data-analytics/
THe URL is valid https://www.xenonstack.com/solutions/internet-of-things/
THe URL is valid https://www.xenonstack.com/big-data-analytics/data-visualization/
THe URL is valid https://www.xenonstack.com/product-engineering/platform-services/
THe URL is valid https://www.xenonstack.com/connected-intelligent-enterprise/
THe URL is valid https://www.xenonstack.com/cloud-security/
THe URL is valid https://www.xenonstack.com/managed-services/
THe URL is valid https://www.xenonstack.com/services/
THe URL is valid https://www.xenonstack.com/technology-consulting/
THe URL is valid https://www.xenonstack.com/solutions/
THe URL is valid https://www.xenonstack.com/technology-consulting/google-cloud-platform/
THe URL is valid https://www.xenonstack.com/technology-consulting/aws-cloud-services/
THe URL is valid https://www.xenonstack.com/technology-consulting/azure-cloud-services/
THe URL is valid https://www.xenonstack.com/solutions/kubernetes-solutions/
THe URL is valid https://www.xenonstack.com/gitops-continuous-delivery/
THe URL is valid https://www.xenonstack.com/knowledge-graph/
THe URL is valid https://www.xenonstack.com/product-engineering/data-catalog-platform/
THe URL is valid https://www.xenonstack.com/big-data-analytics/machine-learning/
THe URL is valid https://www.xenonstack.com/services/serverless-development/
THe URL is valid https://www.xenonstack.com/product-engineering/infrastructure-as-code-platform/
THe URL is valid https://www.xenonstack.com/services/real-time-analytics/
THe URL is valid https://www.xenonstack.com/digital-twin/
THe URL is valid https://www.xenonstack.com/solutions/big-data-testing/
THe URL is valid https://www.xenonstack.com/enterprise-search/
THe URL is valid https://www.xenonstack.com/solutions/blockchain/
THe URL is valid https://www.xenonstack.com/solutions/business-intelligence/
THe URL is valid https://www.xenonstack.com/solutions/
THe URL is valid https://www.xenonstack.com/readiness-assessment/
THe URL is valid https://www.xenonstack.com/artificial-intelligence-solutions/
THe URL is valid https://www.xenonstack.com/readiness-assessment/devops-strategy/
THe URL is valid https://www.xenonstack.com/readiness-assessment/cloud-consulting/
THe URL is valid https://www.xenonstack.com/readiness-assessment/big-data-assessment/
THe URL is valid https://www.xenonstack.com/readiness-assessment/data-science-strategy/
THe URL is valid https://www.xenonstack.com/artificial-intelligence-solutions/infrastructure/
THe URL is valid https://www.xenonstack.com/artificial-intelligence-solutions/healthcare/
THe URL is valid https://www.xenonstack.com/artificial-intelligence-solutions/public-safety/
THe URL is valid https://www.xenonstack.com/artificial-intelligence-solutions/banking-and-finance/
THe URL is valid https://www.xenonstack.com/artificial-intelligence-solutions/cyber-security/
THe URL is valid https://www.xenonstack.com/artificial-intelligence-solutions/retail-supply-chain/
THe URL is valid https://www.xenonstack.com/artificial-intelligence-solutions/insurance/
THe URL is valid https://www.xenonstack.com/artificial-intelligence-solutions/manufacturing/
THe URL is valid https://www.xenonstack.com/industries/
THe URL is valid https://www.xenonstack.com/industries/
THe URL is valid https://www.xenonstack.com/blog/
THe URL is valid https://www.xenonstack.com/insights/
THe URL is valid https://www.xenonstack.com/videos/
THe URL is valid https://www.xenonstack.com/use-cases/
THe URL is valid https://www.xenonstack.com/resources/
THe URL is valid https://www.xenonstack.com/blog/
THe URL is valid https://www.xenonstack.com/insights/
THe URL is valid https://www.xenonstack.com/videos/
THe URL is valid https://www.xenonstack.com/use-cases/
THe URL is valid https://www.xenonstack.com/resources/
THe URL is valid https://www.xenonstack.com/neural-company/
THe URL is valid https://www.xenonstack.com/about-us/partners-clients/
THe URL is valid https://www.xenonstack.com/neural-company/
THe URL is valid https://www.xenonstack.com/about-us/
THe URL is valid https://www.xenonstack.com/our-purpose/
THe URL is valid https://www.xenonstack.com/how-we-work/
THe URL is valid https://www.xenonstack.com/how-we-grow/
THe URL is valid https://www.xenonstack.com/about-us/partners-clients/
THe URL is valid https://www.xenonstack.com/xenonstack-university/
THe URL is valid https://www.xenonstack.com/neural-company-enablers/
THe URL is valid https://www.xenonstack.com/neural-company/
THe URL is valid https://www.xenonstack.com/contact-us/
THe URL is valid https://www.xenonstack.com/blog/
THe URL is valid https://www.xenonstack.com/neural-company-enablers/
THe URL is valid https://enterprise.xenonstack.com/
THe URL is valid https://www.xenonstack.com/solutions/cloud-native-applications/
THe URL is valid https://www.xenonstack.com/services/dataops/
THe URL is valid https://www.xenonstack.com/artificial-intelligence-services/
THe URL is valid https://www.xenonstack.com/product-engineering/platform-services/
THe URL is valid https://www.xenonstack.com/cloud-services/
THe URL is valid https://www.xenonstack.com/big-data-analytics/
THe URL is valid https://www.xenonstack.com/artificial-intelligence-services/rpa-services/
THe URL is valid https://www.xenonstack.com/cyber-security/
THe URL is valid https://www.xenonstack.com/managed-services/
THe URL is valid https://www.xenonstack.com/artificial-intelligence-services/
THe URL is valid https://www.xenonstack.com/sre-managed/
THe URL is valid https://www.xenonstack.com/services/data-intelligence/
THe URL is valid https://www.xenonstack.com/technology-consulting/
THe URL is valid https://www.xenonstack.com/insights/digital-platform
THe URL is valid https://www.xenonstack.com/industries/
THe URL is valid https://www.xenonstack.com/use-cases/
THe URL is valid https://www.xenonstack.com/internal-developer-platform/
THe URL is valid https://www.xenonstack.com/cloud-siem-managed/
THe URL is valid https://www.xenonstack.com/data-observability/
THe URL is valid https://www.xenonstack.com/explainable-ai-modelops/
THe URL is valid https://www.xenonstack.com/blog/tag/data-science
THe URL is valid https://www.xenonstack.com/blog/edge-ai-vs-federated-learning
THe URL is valid https://www.xenonstack.com/blog/tag/enterprise-ai
THe URL is valid https://www.xenonstack.com/blog/machine-learning-platforms
THe URL is valid https://www.xenonstack.com/blog/tag/big-data-engineering
THe URL is valid https://www.xenonstack.com/blog/data-management-best-practices
THe URL is valid https://www.xenonstack.com/blog/tag/devops
THe URL is valid https://www.xenonstack.com/blog/seven-best-practices-for-enterprise-devops
THe URL is valid https://www.xenonstack.com/neural-company/
THe URL is valid https://www.youtube.com/c/XenonStackOfficial
THe URL is valid https://www.linkedin.com/company/xenonstack/
THe URL is valid https://www.facebook.com/XenonStack
THe URL is valid https://twitter.com/xenonstack
THe URL is valid https://medium.com/@xenonstack
THe URL is valid https://www.instagram.com/teamxenonstack/
THe URL is valid https://www.xenonstack.com/blog/
THe URL is valid https://www.xenonstack.com/about-us/
THe URL is valid https://www.xenonstack.com/careers/
THe URL is valid https://www.xenonstack.com/neural-company-enablers/
THe URL is valid https://www.xenonstack.com/services/devops/
THe URL is valid https://www.xenonstack.com/solutions/kubernetes/
THe URL is valid https://www.xenonstack.com/data-observability/
THe URL is valid https://www.xenonstack.com/enterprise/serverless-development/
THe URL is valid https://www.xenonstack.com/solutions/application-modernization/
THe URL is valid https://www.xenonstack.com/knowledge-graph/
THe URL is valid https://www.xenonstack.com/solutions/internet-of-things/
THe URL is valid https://www.xenonstack.com/services/real-time-analytics/
THe URL is valid https://www.xenonstack.com/solutions/data-lake/
THe URL is valid https://www.xenonstack.com/solutions/data-warehouse/
THe URL is valid https://www.xenonstack.com/artificial-intelligence-services/computer-vision/
THe URL is valid https://www.xenonstack.com/enterprise-search/
THe URL is valid https://www.xenonstack.com/blog/mlops
THe URL is valid https://www.xenonstack.com/talk-to-specialist/conversational-ai/
THe URL is valid https://www.xenonstack.com/artificial-intelligence-services/rpa-services/
THe URL is valid https://www.xenonstack.com/product-engineering/user-experience/
THe URL is valid https://www.xenonstack.com/blog/ai-based-video-analytics
THe URL is valid https://www.xenonstack.com/cloud-security/
THe URL is valid https://www.xenonstack.com/solutions/cloud-native-applications/
THe URL is valid https://www.xenonstack.com/product-engineering/platform-services/
THe URL is valid https://www.xenonstack.com/managed-services/dataops/
THe URL is valid https://www.xenonstack.com/sre-managed/
THe URL is valid https://www.xenonstack.com/insights/managed-analytics
THe URL is valid https://www.xenonstack.com/managed-ai-cloud/
THe URL is valid https://www.xenonstack.com/cloud-siem-managed/
THe URL is valid https://landscape.cncf.io/members?selected=xenon-stack-member
THe URL is valid https://www.linuxfoundation.org/join/members/
THe URL is valid https://landscape.lfai.foundation/members?zoom=120
THe URL is valid https://partner.microsoft.com/en-IN/
THe URL is valid https://cloud.withgoogle.com/partners/detail/?id=xenonstack&hl=en-GB
THe URL is valid https://databricks.com/company/partners
THe URL is valid https://landscape.cncf.io/card-mode?organization=xenon-stack&selected=xenon-stack-kcsp
THe URL is valid https://partners.amazonaws.com/partners/001E000001AoR0YIAV/XenonStack
THe URL is valid https://www.xenonstack.com/privacy-policy/
THe URL is valid https://www.xenonstack.com/privacy-policy/
THe URL is valid https://www.xenonstack.com/privacy-policy/
THe URL is valid https://www.xenonstack.com/privacy-policy/
THe URL is valid https://www.xenonstack.com/privacy-policy/
{"logLevel":"debug","message":"Killing Java runner..."}
{"logLevel":"debug","message":"Stopping execution pool..."}
{"logLevel":"debug","message":"Shutting down grpc server..."}
{"logLevel":"debug","message":"Runner killed gracefully."}
