{"logLevel":"debug","message":"multithreading is set to false"}
{"logLevel":"debug","message":"Using reflection to scan dependencies for gauge implementations..."}
SLF4J: Failed to load class "org.slf4j.impl.StaticLoggerBinder".
SLF4J: Defaulting to no-operation (NOP) logger implementation
SLF4J: See http://www.slf4j.org/codes.html#StaticLoggerBinder for further details.
{"logLevel":"debug","message":"gauge-java took 498milliseconds to load and scan. This should be less than 'runner_connection_timeout' config value."}
{"logLevel":"debug","message":"run 'gauge config runner_connection_timeout' and verify that it is < 498"}
{"logLevel":"debug","message":"starting gRPC server..."}
{"logLevel":"debug","message":"started gRPC server on port 41643"}
{"logLevel":"info","message":"Listening on port:41643"}
{"logLevel":"debug","message":"Scanning packages for steps"}
{"logLevel":"debug","message":"Comparing 'home.third' and 'home.third'"}
{"logLevel":"debug","message":"Found abcdef in current project scope."}
{"logLevel":"debug","message":"Scanning packages for hooks"}
{"logLevel":"debug","message":"Scanned steps (using static parsing + reflections): "}
{"logLevel":"debug","message":"\tabcdef : public void third() throws InterruptedException"}
Starting ChromeDriver 103.0.5060.134 (8ec6fce403b3feb0869b0732eda8bd95011d333c-refs/branch-heads/5060@{#1262}) on port 6209
Only local connections are allowed.
Please see https://chromedriver.chromium.org/security-considerations for suggestions on keeping ChromeDriver safe.
ChromeDriver was started successfully.
Aug 01, 2022 2:25:39 PM org.openqa.selenium.remote.ProtocolHandshake createSession
INFO: Detected dialect: W3C
{"logLevel":"debug","message":"Executing 'abcdef' using 'class home.third"}
XenonStack - Cloud Native and Data Intelligence Company,,,
Blogs and Insights on Cloud, DevOps, Big Data Analytics, AI-XenonStack,,,
The Neural Company Enablers for Digital Transformation,,,
XenonStack - Cloud Native and Data Intelligence Company,,,
Artificial Intelligence Services and Solutions Company,,,
Cloud Consulting Services, Advisory and Solutions Company,,,
Big Data Consulting Services and Solutions Company,,,
Digital Platform Engineering and Development Services Company,,,
Computer Vision Services and Solutions Company - XenonStack,,,
RPA Consulting Services, Development and Solution Company,,,
Customer Analytics Services and Strategy Consulting Solutions,,,
Natural Language Processing Services and Solutions Company,,,
Cloud Native Application Development Services and Solutions,,,
Application Modernization Services, Strategy and Solutions,,,
Cloud Migration Services, Strategy and Solutions Company,,,
Hybrid-Multi Cloud Solutions and Services - XenonStack,,,
Big Data Consulting Services and Solutions Company,,,
Data Warehouse Consulting Services and Solutions Company,,,
Big Data Analytics Consulting Services and Solution Company,,,
Internet of Things (IoT) Consulting Services and Solutions,,,
Data Visualization Consulting Services and Solutions Company,,,
Digital Platform Engineering and Development Services Company,,,
Connected Intelligent Enterprise Solutions Company,,,
Cloud Security Consulting Services and Deployment Solutions,,,
Cloud Managed Services and Hybrid Management Platform,,,
Digital Consulting Services for Business Transformation,,,
Technology Solutions and End-to-End Service Provider,,,
Digital Transformation Consulting Services and Solutions,,,
GCP Migration and Application Modernization Services,,,
AWS Cloud Migration Services and Consulting Solutions Company,,,
Azure Cloud Migration and Modernization Services,,,
Kubernetes Consulting Services and Solutions Provider Company,,,
Continuous Delivery Solutions and Services with GitOps,,,
Enterprise Knowledge Graph Solutions and Consulting Services,,,
Data Catalog Platform with Governance and Security - Elixirdata,,,
Machine Learning Development Services Company,,,
Serverless Development and Data Engineering Services,,,
Nexastack - The Infrastructure as Code Platform for Cloud Native,,,
Real Time Analytics Services and Solutions - XenonStack,,,
Digital Twin Consulting Services and Solutions for MetaVerse,,,
Big Data Testing Services , Strategy and Solutions - XenonStack,,,
Enterprise Search Solutions and Services Consulting Company,,,
Blockchain Services and Development Solutions Company,,,
Business Intelligence Services and Solutions - XenonStack,,,
Digital Transformation Consulting Services and Solutions,,,
Cloud Assessment and Adoption for DevOps, Big Data, AI - XenonStack,,,
Artificial Intelligence Solutions for Data-Driven Enterprises,,,
End-to-End DevOps Readiness Assessment for Enterprises,,,
Cloud Strategy and Maturity Assessment for Enterprises,,,
Big Data Maturity Model and Readiness Assessment,,,
Data Science and Machine Learning Assessment,,,
AI Services and Solutions for Infrastructure Development - XenonStack,,,
Artificial Intelligence Solutions for Healthcare - XenonStack,,,
Artificial Intelligence Services Offerings for Public Safety,,,
Artificial Intelligence Powered for Finance, Banking Industry,,,
Artificial Intelligence Enabled Cyber Security Solutions,,,
Artificial Intelligence Solutions for Retail and Supply Chain Industry,,,
AI and Analytics Driven Solutions for Insurance Sector - XenonStack,,,
Artificial Intelligence based Solutions for Manufacturing,,,
Industrial Digital Transformation Strategy and Business Consulting,,,
Industrial Digital Transformation Strategy and Business Consulting,,,
Blogs and Insights on Cloud, DevOps, Big Data Analytics, AI-XenonStack,,,
XenonStack Data Insights on DevOps, Cloud and Data Science,,,
Videos on AI | DevOps | Real-Time Streaming Analytics - XenonStack,,,
Solution Architecture And Use Cases - XenonStack,,,
XenonStack Industry Insights for DevOps, Data Science, Cloud and AI,,,
Blogs and Insights on Cloud, DevOps, Big Data Analytics, AI-XenonStack,,,
XenonStack Data Insights on DevOps, Cloud and Data Science,,,
Videos on AI | DevOps | Real-Time Streaming Analytics - XenonStack,,,
Solution Architecture And Use Cases - XenonStack,,,
XenonStack Industry Insights for DevOps, Data Science, Cloud and AI,,,
The Path to Become a Neural Company,,,
XenonStack Cloud and DevOps Partners and Clients - XenonStack,,,
The Path to Become a Neural Company,,,
About us | Neural Company - MetaVerse | XenonStack,,,
Our Purpose, Core Values, and Mission | XenonStack,,,
How We Work | XenonStack Principles,,,
How we work | XenonStack Principles,,,
XenonStack Cloud and DevOps Partners and Clients - XenonStack,,,
Stacklabs Training Academy - Ready to use Hands-on Cloud Enabled Labs,,,
The Neural Company Enablers for Digital Transformation,,,
The Path to Become a Neural Company,,,
Strategic Partner for Cloud Native and AI Transformation,,,
Blogs and Insights on Cloud, DevOps, Big Data Analytics, AI-XenonStack,,,
The Neural Company Enablers for Digital Transformation,,,
Customer Journey,,,
Cloud Native Application Development Services and Solutions,,,
Data Management and Analytics Services & Solutions - DataOps,,,
Artificial Intelligence Services and Solutions Company,,,
Digital Platform Engineering and Development Services Company,,,
Cloud Consulting Services, Advisory and Solutions Company,,,
Big Data Analytics Consulting Services and Solution Company,,,
RPA Consulting Services, Development and Solution Company,,,
Managed Cyber Security Consulting Solutions and Service Providers,,,
Cloud Managed Services and Hybrid Management Platform,,,
Artificial Intelligence Services and Solutions Company,,,
Site Reliability Engineering Managed Services and Solutions,,,
Data Intelligence Services and Analytics Solutions,,,
Technology Solutions and End-to-End Service Provider,,,
Digital Platform Strategy: Why and How It is Important for Businesses,,,
Industrial Digital Transformation Strategy and Business Consulting,,,
Solution Architecture And Use Cases - XenonStack,,,
Building Internal Developer Platform for Enterprises,,,
Managed SIEM Solutions Provider and SOC Consulting Services,,,
BuildIng Data Observability Enabled Platform Solutions,,,
Explainable AI (XAI) and ModelOps Solutions,,,
Blogs and Insights on Cloud, DevOps, Big Data Analytics, AI-XenonStack | Data Science,,,
Edge AI vs Federated Learning | Complete Overview,,,
Blogs and Insights on Cloud, DevOps, Big Data Analytics, AI-XenonStack | Enterprise AI,,,
Briefing Machine learning Platforms with Services and Solutions,,,
Blogs and Insights on Cloud, DevOps, Big Data Analytics, AI-XenonStack | Big Data Engineering,,,
Acknowledging Data Management Best Practices with DataOps,,,
Blogs and Insights on Cloud, DevOps, Big Data Analytics, AI-XenonStack | DevOps,,,
Top 10 Best Practices for Enterprise DevOps Transformation,,,
The Path to Become a Neural Company,,,
XenonStack - YouTube,,,
Sign In | LinkedIn,,,
XenonStack,,,
Twitter,,,
Xenonstack – Medium,,,
XenonStack (@teamxenonstack) • Instagram photos and videos,,,
Blogs and Insights on Cloud, DevOps, Big Data Analytics, AI-XenonStack,,,
About us | Neural Company - MetaVerse | XenonStack,,,
Careers - Opportunities in Cloud,DevOps, Big Data and AI,,,
The Neural Company Enablers for Digital Transformation,,,
DevOps Consulting Services and Solutions Company - XenonStack,,,
Kubernetes Consulting Services and Solutions Provider Company,,,
BuildIng Data Observability Enabled Platform Solutions,,,
Serverless Development and Data Engineering Services,,,
Application Modernization Services, Strategy and Solutions,,,
Enterprise Knowledge Graph Solutions and Consulting Services,,,
Internet of Things (IoT) Consulting Services and Solutions,,,
Real Time Analytics Services and Solutions - XenonStack,,,
Data Lake Services and Solution,,,
Data Warehouse Consulting Services and Solutions Company,,,
Computer Vision Services and Solutions Company - XenonStack,,,
Enterprise Search Solutions and Services Consulting Company,,,
MLOps Platform - Productionizing Machine Learning Models,,,
Conversational AI Solution Experts and Consulting Company - XenonStack,,,
RPA Consulting Services, Development and Solution Company,,,
User Experience Design Agency, UX Design Services - XenonStack,,,
AI-based Video Analytics | Benefits and Challenges,,,
Cloud Security Consulting Services and Deployment Solutions,,,
Cloud Native Application Development Services and Solutions,,,
Digital Platform Engineering and Development Services Company,,,
DataOps Managed Services and Data Management Solutions -XenonStack,,,
Site Reliability Engineering Managed Services and Solutions,,,
Managed Data Analytics Services and Solutions | XenonStack,,,
Fully Managed Cloud AI Services and Solution offerings,,,
Managed SIEM Solutions Provider and SOC Consulting Services,,,
CNCF Cloud Native Interactive Landscape,,,
Linux Foundation Members - Linux Foundation,,,
LF AI & Data Landscape,,,
Partner with Microsoft,,,
Partner Directory | Google Cloud - Partner profile,,,
Partners - Databricks,,,
CNCF Cloud Native Interactive Landscape,,,
AWS Partner XenonStack,,,
Terms and Conditions | Privacy Policy | XenonStack,,,
Terms and Conditions | Privacy Policy | XenonStack,,,
Terms and Conditions | Privacy Policy | XenonStack,,,
Terms and Conditions | Privacy Policy | XenonStack,,,
Terms and Conditions | Privacy Policy | XenonStack,,,
 here is size of link: 163
THe URL is valid https://www.xenonstack.com/
The title and URL is valid
We are at verified page
THe URL is valid https://www.xenonstack.com/blog/
not equal
THe URL is valid https://www.xenonstack.com/neural-company-enablers/
not equal
THe URL is valid https://www.xenonstack.com/
not equal
THe URL is valid https://www.xenonstack.com/artificial-intelligence-services/
not equal
THe URL is valid https://www.xenonstack.com/cloud-services/
not equal
THe URL is valid https://www.xenonstack.com/services/big-data-services/
not equal
THe URL is valid https://www.xenonstack.com/product-engineering/platform-services/
not equal
THe URL is valid https://www.xenonstack.com/artificial-intelligence-services/computer-vision/
not equal
THe URL is valid https://www.xenonstack.com/artificial-intelligence-services/rpa-services/
not equal
THe URL is valid https://www.xenonstack.com/artificial-intelligence-services/cognitive-customer-analytics/
not equal
THe URL is valid https://www.xenonstack.com/artificial-intelligence-services/natural-language-processing/
not equal
THe URL is valid https://www.xenonstack.com/solutions/cloud-native-applications/
not equal
THe URL is valid https://www.xenonstack.com/solutions/application-modernization/
not equal
THe URL is valid https://www.xenonstack.com/services/cloud-migration/
not equal
THe URL is valid https://www.xenonstack.com/hybrid-and-multi-cloud/
not equal
THe URL is valid https://www.xenonstack.com/services/big-data-services/
not equal
THe URL is valid https://www.xenonstack.com/solutions/data-warehouse/
not equal
THe URL is valid https://www.xenonstack.com/big-data-analytics/
not equal
THe URL is valid https://www.xenonstack.com/solutions/internet-of-things/
not equal
THe URL is valid https://www.xenonstack.com/big-data-analytics/data-visualization/
not equal
THe URL is valid https://www.xenonstack.com/product-engineering/platform-services/
not equal
THe URL is valid https://www.xenonstack.com/connected-intelligent-enterprise/
not equal
THe URL is valid https://www.xenonstack.com/cloud-security/
not equal
THe URL is valid https://www.xenonstack.com/managed-services/
not equal
THe URL is valid https://www.xenonstack.com/services/
not equal
THe URL is valid https://www.xenonstack.com/technology-consulting/
not equal
THe URL is valid https://www.xenonstack.com/solutions/
not equal
THe URL is valid https://www.xenonstack.com/technology-consulting/google-cloud-platform/
not equal
THe URL is valid https://www.xenonstack.com/technology-consulting/aws-cloud-services/
not equal
THe URL is valid https://www.xenonstack.com/technology-consulting/azure-cloud-services/
not equal
THe URL is valid https://www.xenonstack.com/solutions/kubernetes-solutions/
not equal
THe URL is valid https://www.xenonstack.com/gitops-continuous-delivery/
not equal
THe URL is valid https://www.xenonstack.com/knowledge-graph/
not equal
THe URL is valid https://www.xenonstack.com/product-engineering/data-catalog-platform/
not equal
THe URL is valid https://www.xenonstack.com/big-data-analytics/machine-learning/
not equal
THe URL is valid https://www.xenonstack.com/services/serverless-development/
not equal
THe URL is valid https://www.xenonstack.com/product-engineering/infrastructure-as-code-platform/
not equal
THe URL is valid https://www.xenonstack.com/services/real-time-analytics/
not equal
THe URL is valid https://www.xenonstack.com/digital-twin/
not equal
THe URL is valid https://www.xenonstack.com/solutions/big-data-testing/
not equal
THe URL is valid https://www.xenonstack.com/enterprise-search/
not equal
THe URL is valid https://www.xenonstack.com/solutions/blockchain/
not equal
THe URL is valid https://www.xenonstack.com/solutions/business-intelligence/
not equal
THe URL is valid https://www.xenonstack.com/solutions/
not equal
THe URL is valid https://www.xenonstack.com/readiness-assessment/
not equal
THe URL is valid https://www.xenonstack.com/artificial-intelligence-solutions/
not equal
THe URL is valid https://www.xenonstack.com/readiness-assessment/devops-strategy/
not equal
THe URL is valid https://www.xenonstack.com/readiness-assessment/cloud-consulting/
not equal
THe URL is valid https://www.xenonstack.com/readiness-assessment/big-data-assessment/
not equal
THe URL is valid https://www.xenonstack.com/readiness-assessment/data-science-strategy/
not equal
THe URL is valid https://www.xenonstack.com/artificial-intelligence-solutions/infrastructure/
not equal
THe URL is valid https://www.xenonstack.com/artificial-intelligence-solutions/healthcare/
not equal
THe URL is valid https://www.xenonstack.com/artificial-intelligence-solutions/public-safety/
not equal
THe URL is valid https://www.xenonstack.com/artificial-intelligence-solutions/banking-and-finance/
not equal
THe URL is valid https://www.xenonstack.com/artificial-intelligence-solutions/cyber-security/
not equal
THe URL is valid https://www.xenonstack.com/artificial-intelligence-solutions/retail-supply-chain/
not equal
THe URL is valid https://www.xenonstack.com/artificial-intelligence-solutions/insurance/
not equal
THe URL is valid https://www.xenonstack.com/artificial-intelligence-solutions/manufacturing/
not equal
THe URL is valid https://www.xenonstack.com/industries/
not equal
THe URL is valid https://www.xenonstack.com/industries/
not equal
THe URL is valid https://www.xenonstack.com/blog/
not equal
THe URL is valid https://www.xenonstack.com/insights/
not equal
THe URL is valid https://www.xenonstack.com/videos/
not equal
THe URL is valid https://www.xenonstack.com/use-cases/
not equal
THe URL is valid https://www.xenonstack.com/resources/
not equal
THe URL is valid https://www.xenonstack.com/blog/
not equal
THe URL is valid https://www.xenonstack.com/insights/
not equal
THe URL is valid https://www.xenonstack.com/videos/
not equal
THe URL is valid https://www.xenonstack.com/use-cases/
not equal
THe URL is valid https://www.xenonstack.com/resources/
not equal
THe URL is valid https://www.xenonstack.com/neural-company/
not equal
THe URL is valid https://www.xenonstack.com/about-us/partners-clients/
not equal
THe URL is valid https://www.xenonstack.com/neural-company/
not equal
THe URL is valid https://www.xenonstack.com/about-us/
not equal
THe URL is valid https://www.xenonstack.com/our-purpose/
not equal
THe URL is valid https://www.xenonstack.com/how-we-work/
not equal
THe URL is valid https://www.xenonstack.com/how-we-grow/
not equal
THe URL is valid https://www.xenonstack.com/about-us/partners-clients/
not equal
THe URL is valid https://www.xenonstack.com/xenonstack-university/
not equal
THe URL is valid https://www.xenonstack.com/neural-company-enablers/
not equal
THe URL is valid https://www.xenonstack.com/neural-company/
not equal
THe URL is valid https://www.xenonstack.com/contact-us/
not equal
THe URL is valid https://www.xenonstack.com/blog/
not equal
THe URL is valid https://www.xenonstack.com/neural-company-enablers/
not equal
THe URL is valid https://enterprise.xenonstack.com/
not equal
THe URL is valid https://www.xenonstack.com/solutions/cloud-native-applications/
not equal
THe URL is valid https://www.xenonstack.com/services/dataops/
not equal
THe URL is valid https://www.xenonstack.com/artificial-intelligence-services/
not equal
THe URL is valid https://www.xenonstack.com/product-engineering/platform-services/
not equal
THe URL is valid https://www.xenonstack.com/cloud-services/
not equal
THe URL is valid https://www.xenonstack.com/big-data-analytics/
not equal
THe URL is valid https://www.xenonstack.com/artificial-intelligence-services/rpa-services/
not equal
THe URL is valid https://www.xenonstack.com/cyber-security/
not equal
THe URL is valid https://www.xenonstack.com/managed-services/
not equal
THe URL is valid https://www.xenonstack.com/artificial-intelligence-services/
not equal
THe URL is valid https://www.xenonstack.com/sre-managed/
not equal
THe URL is valid https://www.xenonstack.com/services/data-intelligence/
not equal
THe URL is valid https://www.xenonstack.com/technology-consulting/
not equal
THe URL is valid https://www.xenonstack.com/insights/digital-platform
not equal
THe URL is valid https://www.xenonstack.com/industries/
not equal
THe URL is valid https://www.xenonstack.com/use-cases/
not equal
THe URL is valid https://www.xenonstack.com/internal-developer-platform/
not equal
THe URL is valid https://www.xenonstack.com/cloud-siem-managed/
not equal
THe URL is valid https://www.xenonstack.com/data-observability/
not equal
THe URL is valid https://www.xenonstack.com/explainable-ai-modelops/
not equal
THe URL is valid https://www.xenonstack.com/blog/tag/data-science
not equal
THe URL is valid https://www.xenonstack.com/blog/edge-ai-vs-federated-learning
not equal
THe URL is valid https://www.xenonstack.com/blog/tag/enterprise-ai
not equal
THe URL is valid https://www.xenonstack.com/blog/machine-learning-platforms
not equal
THe URL is valid https://www.xenonstack.com/blog/tag/big-data-engineering
not equal
THe URL is valid https://www.xenonstack.com/blog/data-management-best-practices
not equal
THe URL is valid https://www.xenonstack.com/blog/tag/devops
not equal
THe URL is valid https://www.xenonstack.com/blog/seven-best-practices-for-enterprise-devops
not equal
THe URL is valid https://www.xenonstack.com/neural-company/
not equal
THe URL is valid https://www.youtube.com/c/XenonStackOfficial
not equal
THe URL is valid https://www.linkedin.com/company/xenonstack/
not equal
THe URL is valid https://www.facebook.com/XenonStack
not equal
THe URL is valid https://twitter.com/xenonstack
not equal
THe URL is valid https://medium.com/@xenonstack
not equal
THe URL is valid https://www.instagram.com/teamxenonstack/
not equal
THe URL is valid https://www.xenonstack.com/blog/
not equal
THe URL is valid https://www.xenonstack.com/about-us/
not equal
THe URL is valid https://www.xenonstack.com/careers/
not equal
THe URL is valid https://www.xenonstack.com/neural-company-enablers/
not equal
THe URL is valid https://www.xenonstack.com/services/devops/
not equal
THe URL is valid https://www.xenonstack.com/solutions/kubernetes/
not equal
THe URL is valid https://www.xenonstack.com/data-observability/
not equal
THe URL is valid https://www.xenonstack.com/enterprise/serverless-development/
not equal
THe URL is valid https://www.xenonstack.com/solutions/application-modernization/
not equal
THe URL is valid https://www.xenonstack.com/knowledge-graph/
not equal
THe URL is valid https://www.xenonstack.com/solutions/internet-of-things/
not equal
THe URL is valid https://www.xenonstack.com/services/real-time-analytics/
not equal
THe URL is valid https://www.xenonstack.com/solutions/data-lake/
not equal
THe URL is valid https://www.xenonstack.com/solutions/data-warehouse/
not equal
THe URL is valid https://www.xenonstack.com/artificial-intelligence-services/computer-vision/
not equal
THe URL is valid https://www.xenonstack.com/enterprise-search/
not equal
THe URL is valid https://www.xenonstack.com/blog/mlops
not equal
THe URL is valid https://www.xenonstack.com/talk-to-specialist/conversational-ai/
not equal
THe URL is valid https://www.xenonstack.com/artificial-intelligence-services/rpa-services/
not equal
THe URL is valid https://www.xenonstack.com/product-engineering/user-experience/
not equal
THe URL is valid https://www.xenonstack.com/blog/ai-based-video-analytics
not equal
THe URL is valid https://www.xenonstack.com/cloud-security/
not equal
THe URL is valid https://www.xenonstack.com/solutions/cloud-native-applications/
not equal
THe URL is valid https://www.xenonstack.com/product-engineering/platform-services/
not equal
THe URL is valid https://www.xenonstack.com/managed-services/dataops/
not equal
THe URL is valid https://www.xenonstack.com/sre-managed/
not equal
THe URL is valid https://www.xenonstack.com/insights/managed-analytics
not equal
THe URL is valid https://www.xenonstack.com/managed-ai-cloud/
not equal
THe URL is valid https://www.xenonstack.com/cloud-siem-managed/
not equal
THe URL is valid https://landscape.cncf.io/members?selected=xenon-stack-member
not equal
THe URL is valid https://www.linuxfoundation.org/join/members/
not equal
THe URL is valid https://landscape.lfai.foundation/members?zoom=120
not equal
THe URL is valid https://partner.microsoft.com/en-IN/
not equal
THe URL is valid https://cloud.withgoogle.com/partners/detail/?id=xenonstack&hl=en-GB
not equal
THe URL is valid https://databricks.com/company/partners
not equal
THe URL is valid https://landscape.cncf.io/card-mode?organization=xenon-stack&selected=xenon-stack-kcsp
not equal
THe URL is valid https://partners.amazonaws.com/partners/001E000001AoR0YIAV/XenonStack
not equal
THe URL is valid https://www.xenonstack.com/privacy-policy/
not equal
THe URL is valid https://www.xenonstack.com/privacy-policy/
not equal
THe URL is valid https://www.xenonstack.com/privacy-policy/
not equal
THe URL is valid https://www.xenonstack.com/privacy-policy/
not equal
THe URL is valid https://www.xenonstack.com/privacy-policy/
not equal
{"logLevel":"debug","message":"Killing Java runner..."}
{"logLevel":"debug","message":"Stopping execution pool..."}
{"logLevel":"debug","message":"Shutting down grpc server..."}
{"logLevel":"debug","message":"Runner killed gracefully."}
