{"logLevel":"debug","message":"multithreading is set to false"}
{"logLevel":"debug","message":"Using reflection to scan dependencies for gauge implementations..."}
SLF4J: Failed to load class "org.slf4j.impl.StaticLoggerBinder".
SLF4J: Defaulting to no-operation (NOP) logger implementation
SLF4J: See http://www.slf4j.org/codes.html#StaticLoggerBinder for further details.
{"logLevel":"debug","message":"gauge-java took 642milliseconds to load and scan. This should be less than 'runner_connection_timeout' config value."}
{"logLevel":"debug","message":"run 'gauge config runner_connection_timeout' and verify that it is < 642"}
{"logLevel":"debug","message":"starting gRPC server..."}
{"logLevel":"debug","message":"started gRPC server on port 34939"}
{"logLevel":"info","message":"Listening on port:34939"}
{"logLevel":"debug","message":"Scanning packages for steps"}
{"logLevel":"debug","message":"Comparing 'home.third' and 'home.third'"}
{"logLevel":"debug","message":"Found abcdef in current project scope."}
{"logLevel":"debug","message":"Scanning packages for hooks"}
{"logLevel":"debug","message":"Scanned steps (using static parsing + reflections): "}
{"logLevel":"debug","message":"\tabcdef : public void third() throws InterruptedException"}
Starting ChromeDriver 103.0.5060.134 (8ec6fce403b3feb0869b0732eda8bd95011d333c-refs/branch-heads/5060@{#1262}) on port 10650
Only local connections are allowed.
Please see https://chromedriver.chromium.org/security-considerations for suggestions on keeping ChromeDriver safe.
ChromeDriver was started successfully.
Aug 01, 2022 2:35:13 PM org.openqa.selenium.remote.ProtocolHandshake createSession
INFO: Detected dialect: W3C
{"logLevel":"debug","message":"Executing 'abcdef' using 'class home.third"}
 here is size of link: 163
XenonStack - Cloud Native and Data Intelligence Company,,,
yesssss
Blogs and Insights on Cloud, DevOps, Big Data Analytics, AI-XenonStack,,,
noooo
The Neural Company Enablers for Digital Transformation,,,
noooo
XenonStack - Cloud Native and Data Intelligence Company,,,
noooo
Artificial Intelligence Services and Solutions Company,,,
noooo
Cloud Consulting Services, Advisory and Solutions Company,,,
noooo
Big Data Consulting Services and Solutions Company,,,
noooo
Digital Platform Engineering and Development Services Company,,,
noooo
Computer Vision Services and Solutions Company - XenonStack,,,
noooo
RPA Consulting Services, Development and Solution Company,,,
noooo
Customer Analytics Services and Strategy Consulting Solutions,,,
noooo
Natural Language Processing Services and Solutions Company,,,
noooo
Cloud Native Application Development Services and Solutions,,,
noooo
Application Modernization Services, Strategy and Solutions,,,
noooo
