{"logLevel":"debug","message":"multithreading is set to false"}
{"logLevel":"debug","message":"Using reflection to scan dependencies for gauge implementations..."}
SLF4J: Failed to load class "org.slf4j.impl.StaticLoggerBinder".
SLF4J: Defaulting to no-operation (NOP) logger implementation
SLF4J: See http://www.slf4j.org/codes.html#StaticLoggerBinder for further details.
{"logLevel":"debug","message":"gauge-java took 468milliseconds to load and scan. This should be less than 'runner_connection_timeout' config value."}
{"logLevel":"debug","message":"run 'gauge config runner_connection_timeout' and verify that it is < 468"}
{"logLevel":"debug","message":"starting gRPC server..."}
{"logLevel":"debug","message":"started gRPC server on port 40119"}
{"logLevel":"info","message":"Listening on port:40119"}
{"logLevel":"debug","message":"Scanning packages for steps"}
{"logLevel":"debug","message":"Comparing 'home.validateAllTheHeadings' and 'home.validateAllTheHeadings'"}
{"logLevel":"debug","message":"Found Validate all the headings in current project scope."}
{"logLevel":"debug","message":"Comparing 'home.third' and 'home.third'"}
{"logLevel":"debug","message":"Found Links validation and titles validation in current project scope."}
{"logLevel":"debug","message":"Scanning packages for hooks"}
{"logLevel":"debug","message":"Scanned steps (using static parsing + reflections): "}
{"logLevel":"debug","message":"\tLinks validation and titles validation : public void third() throws InterruptedException"}
{"logLevel":"debug","message":"\tValidate all the headings : public void validateAllTheHeadings()"}
Starting ChromeDriver 103.0.5060.134 (8ec6fce403b3feb0869b0732eda8bd95011d333c-refs/branch-heads/5060@{#1262}) on port 1210
Only local connections are allowed.
Please see https://chromedriver.chromium.org/security-considerations for suggestions on keeping ChromeDriver safe.
ChromeDriver was started successfully.
Aug 01, 2022 4:45:04 PM org.openqa.selenium.remote.ProtocolHandshake createSession
INFO: Detected dialect: W3C
{"logLevel":"debug","message":"Executing 'Links validation and titles validation' using 'class home.third"}
 here is size of link: 163
THe URL is valid https://www.xenonstack.com/
The title and URL is valid
We are at verified page
THe URL is valid https://www.xenonstack.com/blog/
The title and URL is valid
We are at verified page
THe URL is valid https://www.xenonstack.com/neural-company-enablers/
The title and URL is valid
We are at verified page
THe URL is valid https://www.xenonstack.com/
The title and URL is valid
We are at verified page
THe URL is valid https://www.xenonstack.com/artificial-intelligence-services/
The title and URL is valid
We are at verified page
THe URL is valid https://www.xenonstack.com/cloud-services/
The title and URL is valid
We are at verified page
THe URL is valid https://www.xenonstack.com/services/big-data-services/
The title and URL is valid
We are at verified page
THe URL is valid https://www.xenonstack.com/product-engineering/platform-services/
The title and URL is valid
We are at verified page
THe URL is valid https://www.xenonstack.com/artificial-intelligence-services/computer-vision/
The title and URL is valid
We are at verified page
THe URL is valid https://www.xenonstack.com/artificial-intelligence-services/rpa-services/
The title and URL is valid
We are at verified page
THe URL is valid https://www.xenonstack.com/artificial-intelligence-services/cognitive-customer-analytics/
The title and URL is valid
We are at verified page
THe URL is valid https://www.xenonstack.com/artificial-intelligence-services/natural-language-processing/
The title and URL is valid
We are at verified page
THe URL is valid https://www.xenonstack.com/solutions/cloud-native-applications/
The title and URL is valid
We are at verified page
THe URL is valid https://www.xenonstack.com/solutions/application-modernization/
