{"logLevel":"debug","message":"multithreading is set to false"}
{"logLevel":"debug","message":"Using reflection to scan dependencies for gauge implementations..."}
SLF4J: Failed to load class "org.slf4j.impl.StaticLoggerBinder".
SLF4J: Defaulting to no-operation (NOP) logger implementation
SLF4J: See http://www.slf4j.org/codes.html#StaticLoggerBinder for further details.
{"logLevel":"debug","message":"gauge-java took 558milliseconds to load and scan. This should be less than 'runner_connection_timeout' config value."}
{"logLevel":"debug","message":"run 'gauge config runner_connection_timeout' and verify that it is < 558"}
{"logLevel":"debug","message":"starting gRPC server..."}
{"logLevel":"debug","message":"started gRPC server on port 36671"}
{"logLevel":"info","message":"Listening on port:36671"}
{"logLevel":"debug","message":"Scanning packages for steps"}
{"logLevel":"debug","message":"Comparing 'home.validateAllTheHeadings' and 'home.validateAllTheHeadings'"}
{"logLevel":"debug","message":"Found Validate all the headings in current project scope."}
{"logLevel":"debug","message":"Comparing 'home.third' and 'home.third'"}
{"logLevel":"debug","message":"Found Links validation and titles validation in current project scope."}
{"logLevel":"debug","message":"Scanning packages for hooks"}
{"logLevel":"debug","message":"Scanned steps (using static parsing + reflections): "}
{"logLevel":"debug","message":"\tLinks validation and titles validation : public void third() throws InterruptedException"}
{"logLevel":"debug","message":"\tValidate all the headings : public void validateAllTheHeadings()"}
Starting ChromeDriver 103.0.5060.134 (8ec6fce403b3feb0869b0732eda8bd95011d333c-refs/branch-heads/5060@{#1262}) on port 7589
Only local connections are allowed.
Please see https://chromedriver.chromium.org/security-considerations for suggestions on keeping ChromeDriver safe.
ChromeDriver was started successfully.
Aug 01, 2022 6:53:13 PM org.openqa.selenium.remote.ProtocolHandshake createSession
INFO: Detected dialect: W3C
{"logLevel":"debug","message":"Executing 'Validate all the headings' using 'class home.validateAllTheHeadings"}
Build, Deploy and Run Modern Cloud Applications,,,
Harness the power of data in data-oriented world,,,
Build AI enabled applications to enhance business,,,
Build a Digital Platform,,,
Cloud Native Transformation,,,
Harness the Power of Data and Analytics,,,
Intelligent Process Automation,,,
Secure the Data and Information,,,
Manage the Cloud Infrastructure,,,
Enhancing AI and MLOps Capabilities,,,
SRE Managed Services,,,
Data Intelligence driven Solutions,,,
Platform Strategy,,,
DataOps and Data Mesh Strategy,,,
Multi Cloud Strategy,,,
Cloud Native Security,,,
Enterprise AI and Decision Intelligence,,,
Edge AI vs Federated Learning | Complete Overview,,,
Briefing Machine learning Platforms with Services and Solutions,,,
Acknowledging Data Management Best Practices with DataOps,,,
Top 10 Best Practices for Enterprise DevOps Transformation,,,
{"logLevel":"debug","message":"Killing Java runner..."}
{"logLevel":"debug","message":"Stopping execution pool..."}
{"logLevel":"debug","message":"Shutting down grpc server..."}
{"logLevel":"debug","message":"Runner killed gracefully."}
