{"logLevel":"debug","message":"multithreading is set to false"}
{"logLevel":"debug","message":"Using reflection to scan dependencies for gauge implementations..."}
SLF4J: Failed to load class "org.slf4j.impl.StaticLoggerBinder".
SLF4J: Defaulting to no-operation (NOP) logger implementation
SLF4J: See http://www.slf4j.org/codes.html#StaticLoggerBinder for further details.
{"logLevel":"debug","message":"gauge-java took 453milliseconds to load and scan. This should be less than 'runner_connection_timeout' config value."}
{"logLevel":"debug","message":"run 'gauge config runner_connection_timeout' and verify that it is < 453"}
{"logLevel":"debug","message":"starting gRPC server..."}
{"logLevel":"debug","message":"started gRPC server on port 38401"}
{"logLevel":"info","message":"Listening on port:38401"}
{"logLevel":"debug","message":"Scanning packages for steps"}
{"logLevel":"debug","message":"Comparing 'home.third' and 'home.third'"}
{"logLevel":"debug","message":"Found abcdef in current project scope."}
{"logLevel":"debug","message":"Scanning packages for hooks"}
{"logLevel":"debug","message":"Scanned steps (using static parsing + reflections): "}
{"logLevel":"debug","message":"\tabcdef : public void third() throws InterruptedException"}
Starting ChromeDriver 103.0.5060.134 (8ec6fce403b3feb0869b0732eda8bd95011d333c-refs/branch-heads/5060@{#1262}) on port 29097
Only local connections are allowed.
Please see https://chromedriver.chromium.org/security-considerations for suggestions on keeping ChromeDriver safe.
ChromeDriver was started successfully.
Jul 29, 2022 3:51:10 PM org.openqa.selenium.remote.ProtocolHandshake createSession
INFO: Detected dialect: W3C
{"logLevel":"debug","message":"Executing 'abcdef' using 'class home.third"}
 here is size of link: 164
abcchttps://www.xenonstack.com/
abcchttps://www.xenonstack.com/blog/
abcchttps://www.xenonstack.com/neural-company-enablers/
abcchttps://www.xenonstack.com/
abcchttps://www.xenonstack.com/artificial-intelligence-services/
abcchttps://www.xenonstack.com/cloud-services/
abcchttps://www.xenonstack.com/services/big-data-services/
abcchttps://www.xenonstack.com/product-engineering/platform-services/
abcchttps://www.xenonstack.com/artificial-intelligence-services/computer-vision/
abcchttps://www.xenonstack.com/artificial-intelligence-services/rpa-services/
abcchttps://www.xenonstack.com/artificial-intelligence-services/cognitive-customer-analytics/
abcchttps://www.xenonstack.com/artificial-intelligence-services/natural-language-processing/
abcchttps://www.xenonstack.com/solutions/cloud-native-applications/
abcchttps://www.xenonstack.com/solutions/application-modernization/
abcchttps://www.xenonstack.com/services/cloud-migration/
abcchttps://www.xenonstack.com/hybrid-and-multi-cloud/
abcchttps://www.xenonstack.com/services/big-data-services/
abcchttps://www.xenonstack.com/solutions/data-warehouse/
abcchttps://www.xenonstack.com/big-data-analytics/
abcchttps://www.xenonstack.com/solutions/internet-of-things/
abcchttps://www.xenonstack.com/big-data-analytics/data-visualization/
abcchttps://www.xenonstack.com/product-engineering/platform-services/
abcchttps://www.xenonstack.com/connected-intelligent-enterprise/
abcchttps://www.xenonstack.com/cloud-security/
abcchttps://www.xenonstack.com/managed-services/
abcchttps://www.xenonstack.com/services/
abcchttps://www.xenonstack.com/technology-consulting/
abcchttps://www.xenonstack.com/solutions/
abcchttps://www.xenonstack.com/technology-consulting/google-cloud-platform/
abcchttps://www.xenonstack.com/technology-consulting/aws-cloud-services/
abcchttps://www.xenonstack.com/technology-consulting/azure-cloud-services/
abcchttps://www.xenonstack.com/solutions/kubernetes-solutions/
abcchttps://www.xenonstack.com/gitops-continuous-delivery/
abcchttps://www.xenonstack.com/knowledge-graph/
abcchttps://www.xenonstack.com/product-engineering/data-catalog-platform/
abcchttps://www.xenonstack.com/big-data-analytics/machine-learning/
abcchttps://www.xenonstack.com/services/serverless-development/
abcchttps://www.xenonstack.com/product-engineering/infrastructure-as-code-platform/
abcchttps://www.xenonstack.com/services/real-time-analytics/
abcchttps://www.xenonstack.com/digital-twin/
abcchttps://www.xenonstack.com/solutions/big-data-testing/
abcchttps://www.xenonstack.com/enterprise-search/
abcchttps://www.xenonstack.com/solutions/blockchain/
abcchttps://www.xenonstack.com/solutions/business-intelligence/
abcchttps://www.xenonstack.com/solutions/
abcchttps://www.xenonstack.com/readiness-assessment/
abcchttps://www.xenonstack.com/artificial-intelligence-solutions/
abcchttps://www.xenonstack.com/readiness-assessment/devops-strategy/
abcchttps://www.xenonstack.com/readiness-assessment/cloud-consulting/
abcchttps://www.xenonstack.com/readiness-assessment/big-data-assessment/
abcchttps://www.xenonstack.com/readiness-assessment/data-science-strategy/
abcchttps://www.xenonstack.com/artificial-intelligence-solutions/infrastructure/
abcchttps://www.xenonstack.com/artificial-intelligence-solutions/healthcare/
abcchttps://www.xenonstack.com/artificial-intelligence-solutions/public-safety/
abcchttps://www.xenonstack.com/artificial-intelligence-solutions/banking-and-finance/
abcchttps://www.xenonstack.com/artificial-intelligence-solutions/cyber-security/
abcchttps://www.xenonstack.com/artificial-intelligence-solutions/retail-supply-chain/
abcchttps://www.xenonstack.com/artificial-intelligence-solutions/insurance/
abcchttps://www.xenonstack.com/artificial-intelligence-solutions/manufacturing/
abcchttps://www.xenonstack.com/industries/
abcchttps://www.xenonstack.com/industries/
abcchttps://www.xenonstack.com/blog/
abcchttps://www.xenonstack.com/insights/
abcchttps://www.xenonstack.com/videos/
abcchttps://www.xenonstack.com/use-cases/
abcchttps://www.xenonstack.com/resources/
abcchttps://www.xenonstack.com/blog/
abcchttps://www.xenonstack.com/insights/
abcchttps://www.xenonstack.com/videos/
abcchttps://www.xenonstack.com/use-cases/
abcchttps://www.xenonstack.com/resources/
abcchttps://www.xenonstack.com/neural-company/
abcchttps://www.xenonstack.com/about-us/partners-clients/
abcchttps://www.xenonstack.com/neural-company/
abcchttps://www.xenonstack.com/about-us/
abcchttps://www.xenonstack.com/our-purpose/
abcchttps://www.xenonstack.com/how-we-work/
abcchttps://www.xenonstack.com/how-we-grow/
abcchttps://www.xenonstack.com/about-us/partners-clients/
abcchttps://www.xenonstack.com/xenonstack-university/
abcchttps://www.xenonstack.com/neural-company-enablers/
abcchttps://www.xenonstack.com/neural-company/
abcchttps://www.xenonstack.com/contact-us/
abcchttps://www.xenonstack.com/blog/
abcchttps://www.xenonstack.com/neural-company-enablers/
abcchttps://enterprise.xenonstack.com/
abcchttps://www.xenonstack.com/solutions/cloud-native-applications/
abcchttps://www.xenonstack.com/services/dataops/
abcchttps://www.xenonstack.com/artificial-intelligence-services/
abcchttps://www.xenonstack.com/product-engineering/platform-services/
abcchttps://www.xenonstack.com/cloud-services/
abcchttps://www.xenonstack.com/big-data-analytics/
abcchttps://www.xenonstack.com/artificial-intelligence-services/rpa-services/
abcchttps://www.xenonstack.com/cyber-security/
abcchttps://www.xenonstack.com/managed-services/
abcchttps://www.xenonstack.com/artificial-intelligence-services/
abcchttps://www.xenonstack.com/sre-managed/
abcchttps://www.xenonstack.com/services/data-intelligence/
abcchttps://www.xenonstack.com/technology-consulting/
abcchttps://www.xenonstack.com/insights/digital-platform
abcchttps://www.xenonstack.com/industries/
abcchttps://www.xenonstack.com/use-cases/
abcchttps://www.xenonstack.com/internal-developer-platform/
abcchttps://www.xenonstack.com/cloud-siem-managed/
abcchttps://www.xenonstack.com/data-observability/
abcchttps://www.xenonstack.com/explainable-ai-modelops/
abcchttps://www.xenonstack.com/blog/tag/data-science
abcchttps://www.xenonstack.com/blog/edge-ai-vs-federated-learning
abcchttps://www.xenonstack.com/blog/tag/enterprise-ai
abcchttps://www.xenonstack.com/blog/machine-learning-platforms
abcchttps://www.xenonstack.com/blog/tag/big-data-engineering
abcchttps://www.xenonstack.com/blog/data-management-best-practices
abcchttps://www.xenonstack.com/blog/tag/devops
abcchttps://www.xenonstack.com/blog/seven-best-practices-for-enterprise-devops
abcchttps://www.xenonstack.com/neural-company/
abcchttps://landscape.cncf.io/members?selected=xenon-stack-member
abcchttps://www.linuxfoundation.org/join/members/
abcchttps://landscape.lfai.foundation/members?zoom=120
abcchttps://partners.amazonaws.com/partners/001E000001AoR0YIAV/XenonStack
abcchttps://cloud.withgoogle.com/partners/detail/?id=xenonstack&hl=en-GB
abcchttps://www.hashicorp.com/
abcchttps://landscape.cncf.io/card-mode?organization=xenon-stack&selected=xenon-stack-kcsp
abcchttps://www.microsoft.com/en-in/solution-providers/partnerdetails/8a2cd0b5-3295-47c4-8827-26b211c833b2/f7e5bac0-4340-4ec5-81c2-28c006dbc361
abcchttps://www.youtube.com/c/XenonStackOfficial
abcchttps://www.linkedin.com/company/xenonstack/
abcchttps://www.facebook.com/XenonStack
abcchttps://twitter.com/xenonstack
abcchttps://medium.com/@xenonstack
abcchttps://www.instagram.com/teamxenonstack/
abcchttps://www.xenonstack.com/about-us/
abcchttps://www.xenonstack.com/services/
abcchttps://www.xenonstack.com/solutions/
abcchttps://www.xenonstack.com/careers/
abcchttps://www.xenonstack.com/product-engineering/user-experience/
abcchttps://www.xenonstack.com/solutions/enterprise-application/
abcchttps://www.xenonstack.com/services/software-development/
abcchttps://www.xenonstack.com/product-engineering/
abcchttps://www.xenonstack.com/big-data-analytics/data-science/
abcchttps://www.xenonstack.com/readiness-assessment/cloud-consulting/
abcchttps://www.xenonstack.com/readiness-assessment/big-data-assessment/
abcchttps://www.xenonstack.com/readiness-assessment/devops-strategy/
abcchttps://www.xenonstack.com/readiness-assessment/data-science-strategy/
abcchttps://www.xenonstack.com/knowledge-graph/
abcchttps://www.xenonstack.com/product-engineering/data-catalog-platform/
abcchttps://www.xenonstack.com/augmented-data-quality/
abcchttps://www.xenonstack.com/aws-serverless-solutions/
abcchttps://www.xenonstack.com/insights/workplace-analytics/
abcchttps://www.xenonstack.com/insights/time-series-databases-in-real-time-analytics/
abcchttps://www.xenonstack.com/insights/managed-analytics/
abcchttps://www.xenonstack.com/sre-managed/
abcchttps://www.xenonstack.com/managed-ai-cloud/
abcchttps://www.xenonstack.com/on-prem-ai-cluster/
abcchttps://www.xenonstack.com/careers/
abcchttps://www.xenonstack.com/product-engineering/
abcchttps://www.elixirdata.com/
abcchttps://www.nexastack.com/
abcchttps://www.metasecure.ai/
abcchttps://www.akira.ai/
abcchttps://www.xenonstack.com/privacy-policy/
abcchttps://www.xenonstack.com/privacy-policy/
abcchttps://www.xenonstack.com/privacy-policy/
abcchttps://www.xenonstack.com/privacy-policy/
abcchttps://www.xenonstack.com/privacy-policy/
abcchttps://www.xenonstack.com/privacy-policy/
THe link is: https://www.xenonstack.com/
The title is: XenonStack - Cloud Native and Data Intelligence Company,,,
THe link is: https://www.xenonstack.com/blog/
The title is: Blogs and Insights on Cloud, DevOps, Big Data Analytics, AI-XenonStack,,,
THe link is: https://www.xenonstack.com/neural-company-enablers/
The title is: The Neural Company Enablers for Digital Transformation,,,
THe link is: https://www.xenonstack.com/
The title is: XenonStack - Cloud Native and Data Intelligence Company,,,
THe link is: https://www.xenonstack.com/artificial-intelligence-services/
The title is: Artificial Intelligence Services and Solutions Company,,,
THe link is: https://www.xenonstack.com/cloud-services/
