{"logLevel":"debug","message":"multithreading is set to false"}
{"logLevel":"debug","message":"Using reflection to scan dependencies for gauge implementations..."}
SLF4J: Failed to load class "org.slf4j.impl.StaticLoggerBinder".
SLF4J: Defaulting to no-operation (NOP) logger implementation
SLF4J: See http://www.slf4j.org/codes.html#StaticLoggerBinder for further details.
{"logLevel":"debug","message":"gauge-java took 599milliseconds to load and scan. This should be less than 'runner_connection_timeout' config value."}
{"logLevel":"debug","message":"run 'gauge config runner_connection_timeout' and verify that it is < 599"}
{"logLevel":"debug","message":"starting gRPC server..."}
{"logLevel":"debug","message":"started gRPC server on port 41053"}
{"logLevel":"info","message":"Listening on port:41053"}
{"logLevel":"debug","message":"Scanning packages for steps"}
{"logLevel":"debug","message":"Comparing 'home.third' and 'home.third'"}
{"logLevel":"debug","message":"Found abcdef in current project scope."}
{"logLevel":"debug","message":"Scanning packages for hooks"}
{"logLevel":"debug","message":"Scanned steps (using static parsing + reflections): "}
{"logLevel":"debug","message":"\tabcdef : public void third() throws InterruptedException"}
Starting ChromeDriver 103.0.5060.134 (8ec6fce403b3feb0869b0732eda8bd95011d333c-refs/branch-heads/5060@{#1262}) on port 31496
Only local connections are allowed.
Please see https://chromedriver.chromium.org/security-considerations for suggestions on keeping ChromeDriver safe.
ChromeDriver was started successfully.
Jul 29, 2022 3:57:56 PM org.openqa.selenium.remote.ProtocolHandshake createSession
INFO: Detected dialect: W3C
{"logLevel":"debug","message":"Executing 'abcdef' using 'class home.third"}
 here is size of link: 164
abcc https://www.xenonstack.com/
abcc https://www.xenonstack.com/blog/
abcc https://www.xenonstack.com/neural-company-enablers/
abcc https://www.xenonstack.com/
abcc https://www.xenonstack.com/artificial-intelligence-services/
abcc https://www.xenonstack.com/cloud-services/
abcc https://www.xenonstack.com/services/big-data-services/
abcc https://www.xenonstack.com/product-engineering/platform-services/
abcc https://www.xenonstack.com/artificial-intelligence-services/computer-vision/
abcc https://www.xenonstack.com/artificial-intelligence-services/rpa-services/
abcc https://www.xenonstack.com/artificial-intelligence-services/cognitive-customer-analytics/
abcc https://www.xenonstack.com/artificial-intelligence-services/natural-language-processing/
abcc https://www.xenonstack.com/solutions/cloud-native-applications/
abcc https://www.xenonstack.com/solutions/application-modernization/
abcc https://www.xenonstack.com/services/cloud-migration/
abcc https://www.xenonstack.com/hybrid-and-multi-cloud/
abcc https://www.xenonstack.com/services/big-data-services/
abcc https://www.xenonstack.com/solutions/data-warehouse/
abcc https://www.xenonstack.com/big-data-analytics/
abcc https://www.xenonstack.com/solutions/internet-of-things/
abcc https://www.xenonstack.com/big-data-analytics/data-visualization/
abcc https://www.xenonstack.com/product-engineering/platform-services/
abcc https://www.xenonstack.com/connected-intelligent-enterprise/
abcc https://www.xenonstack.com/cloud-security/
abcc https://www.xenonstack.com/managed-services/
abcc https://www.xenonstack.com/services/
abcc https://www.xenonstack.com/technology-consulting/
abcc https://www.xenonstack.com/solutions/
abcc https://www.xenonstack.com/technology-consulting/google-cloud-platform/
abcc https://www.xenonstack.com/technology-consulting/aws-cloud-services/
abcc https://www.xenonstack.com/technology-consulting/azure-cloud-services/
abcc https://www.xenonstack.com/solutions/kubernetes-solutions/
abcc https://www.xenonstack.com/gitops-continuous-delivery/
abcc https://www.xenonstack.com/knowledge-graph/
abcc https://www.xenonstack.com/product-engineering/data-catalog-platform/
abcc https://www.xenonstack.com/big-data-analytics/machine-learning/
abcc https://www.xenonstack.com/services/serverless-development/
abcc https://www.xenonstack.com/product-engineering/infrastructure-as-code-platform/
abcc https://www.xenonstack.com/services/real-time-analytics/
abcc https://www.xenonstack.com/digital-twin/
abcc https://www.xenonstack.com/solutions/big-data-testing/
abcc https://www.xenonstack.com/enterprise-search/
abcc https://www.xenonstack.com/solutions/blockchain/
abcc https://www.xenonstack.com/solutions/business-intelligence/
abcc https://www.xenonstack.com/solutions/
abcc https://www.xenonstack.com/readiness-assessment/
abcc https://www.xenonstack.com/artificial-intelligence-solutions/
abcc https://www.xenonstack.com/readiness-assessment/devops-strategy/
abcc https://www.xenonstack.com/readiness-assessment/cloud-consulting/
abcc https://www.xenonstack.com/readiness-assessment/big-data-assessment/
abcc https://www.xenonstack.com/readiness-assessment/data-science-strategy/
abcc https://www.xenonstack.com/artificial-intelligence-solutions/infrastructure/
abcc https://www.xenonstack.com/artificial-intelligence-solutions/healthcare/
abcc https://www.xenonstack.com/artificial-intelligence-solutions/public-safety/
abcc https://www.xenonstack.com/artificial-intelligence-solutions/banking-and-finance/
abcc https://www.xenonstack.com/artificial-intelligence-solutions/cyber-security/
abcc https://www.xenonstack.com/artificial-intelligence-solutions/retail-supply-chain/
abcc https://www.xenonstack.com/artificial-intelligence-solutions/insurance/
abcc https://www.xenonstack.com/artificial-intelligence-solutions/manufacturing/
abcc https://www.xenonstack.com/industries/
abcc https://www.xenonstack.com/industries/
abcc https://www.xenonstack.com/blog/
abcc https://www.xenonstack.com/insights/
abcc https://www.xenonstack.com/videos/
abcc https://www.xenonstack.com/use-cases/
abcc https://www.xenonstack.com/resources/
abcc https://www.xenonstack.com/blog/
abcc https://www.xenonstack.com/insights/
abcc https://www.xenonstack.com/videos/
abcc https://www.xenonstack.com/use-cases/
abcc https://www.xenonstack.com/resources/
abcc https://www.xenonstack.com/neural-company/
abcc https://www.xenonstack.com/about-us/partners-clients/
abcc https://www.xenonstack.com/neural-company/
abcc https://www.xenonstack.com/about-us/
abcc https://www.xenonstack.com/our-purpose/
abcc https://www.xenonstack.com/how-we-work/
abcc https://www.xenonstack.com/how-we-grow/
abcc https://www.xenonstack.com/about-us/partners-clients/
abcc https://www.xenonstack.com/xenonstack-university/
abcc https://www.xenonstack.com/neural-company-enablers/
abcc https://www.xenonstack.com/neural-company/
abcc https://www.xenonstack.com/contact-us/
abcc https://www.xenonstack.com/blog/
abcc https://www.xenonstack.com/neural-company-enablers/
abcc https://enterprise.xenonstack.com/
abcc https://www.xenonstack.com/solutions/cloud-native-applications/
abcc https://www.xenonstack.com/services/dataops/
abcc https://www.xenonstack.com/artificial-intelligence-services/
abcc https://www.xenonstack.com/product-engineering/platform-services/
abcc https://www.xenonstack.com/cloud-services/
abcc https://www.xenonstack.com/big-data-analytics/
abcc https://www.xenonstack.com/artificial-intelligence-services/rpa-services/
abcc https://www.xenonstack.com/cyber-security/
abcc https://www.xenonstack.com/managed-services/
abcc https://www.xenonstack.com/artificial-intelligence-services/
abcc https://www.xenonstack.com/sre-managed/
abcc https://www.xenonstack.com/services/data-intelligence/
abcc https://www.xenonstack.com/technology-consulting/
abcc https://www.xenonstack.com/insights/digital-platform
abcc https://www.xenonstack.com/industries/
abcc https://www.xenonstack.com/use-cases/
abcc https://www.xenonstack.com/internal-developer-platform/
abcc https://www.xenonstack.com/cloud-siem-managed/
abcc https://www.xenonstack.com/data-observability/
abcc https://www.xenonstack.com/explainable-ai-modelops/
abcc https://www.xenonstack.com/blog/tag/data-science
abcc https://www.xenonstack.com/blog/edge-ai-vs-federated-learning
abcc https://www.xenonstack.com/blog/tag/enterprise-ai
abcc https://www.xenonstack.com/blog/machine-learning-platforms
abcc https://www.xenonstack.com/blog/tag/big-data-engineering
abcc https://www.xenonstack.com/blog/data-management-best-practices
abcc https://www.xenonstack.com/blog/tag/devops
abcc https://www.xenonstack.com/blog/seven-best-practices-for-enterprise-devops
abcc https://www.xenonstack.com/neural-company/
abcc https://landscape.cncf.io/members?selected=xenon-stack-member
abcc https://www.linuxfoundation.org/join/members/
abcc https://landscape.lfai.foundation/members?zoom=120
abcc https://partners.amazonaws.com/partners/001E000001AoR0YIAV/XenonStack
abcc https://cloud.withgoogle.com/partners/detail/?id=xenonstack&hl=en-GB
abcc https://www.hashicorp.com/
abcc https://landscape.cncf.io/card-mode?organization=xenon-stack&selected=xenon-stack-kcsp
abcc https://www.microsoft.com/en-in/solution-providers/partnerdetails/8a2cd0b5-3295-47c4-8827-26b211c833b2/f7e5bac0-4340-4ec5-81c2-28c006dbc361
abcc https://www.youtube.com/c/XenonStackOfficial
abcc https://www.linkedin.com/company/xenonstack/
abcc https://www.facebook.com/XenonStack
abcc https://twitter.com/xenonstack
abcc https://medium.com/@xenonstack
abcc https://www.instagram.com/teamxenonstack/
abcc https://www.xenonstack.com/about-us/
abcc https://www.xenonstack.com/services/
abcc https://www.xenonstack.com/solutions/
abcc https://www.xenonstack.com/careers/
abcc https://www.xenonstack.com/product-engineering/user-experience/
abcc https://www.xenonstack.com/solutions/enterprise-application/
abcc https://www.xenonstack.com/services/software-development/
abcc https://www.xenonstack.com/product-engineering/
abcc https://www.xenonstack.com/big-data-analytics/data-science/
abcc https://www.xenonstack.com/readiness-assessment/cloud-consulting/
abcc https://www.xenonstack.com/readiness-assessment/big-data-assessment/
abcc https://www.xenonstack.com/readiness-assessment/devops-strategy/
abcc https://www.xenonstack.com/readiness-assessment/data-science-strategy/
abcc https://www.xenonstack.com/knowledge-graph/
abcc https://www.xenonstack.com/product-engineering/data-catalog-platform/
abcc https://www.xenonstack.com/augmented-data-quality/
abcc https://www.xenonstack.com/aws-serverless-solutions/
abcc https://www.xenonstack.com/insights/workplace-analytics/
abcc https://www.xenonstack.com/insights/time-series-databases-in-real-time-analytics/
abcc https://www.xenonstack.com/insights/managed-analytics/
abcc https://www.xenonstack.com/sre-managed/
abcc https://www.xenonstack.com/managed-ai-cloud/
abcc https://www.xenonstack.com/on-prem-ai-cluster/
abcc https://www.xenonstack.com/careers/
abcc https://www.xenonstack.com/product-engineering/
abcc https://www.elixirdata.com/
abcc https://www.nexastack.com/
abcc https://www.metasecure.ai/
abcc https://www.akira.ai/
abcc https://www.xenonstack.com/privacy-policy/
abcc https://www.xenonstack.com/privacy-policy/
abcc https://www.xenonstack.com/privacy-policy/
abcc https://www.xenonstack.com/privacy-policy/
abcc https://www.xenonstack.com/privacy-policy/
abcc https://www.xenonstack.com/privacy-policy/
