{"logLevel":"debug","message":"multithreading is set to false"}
{"logLevel":"debug","message":"Using reflection to scan dependencies for gauge implementations..."}
SLF4J: Failed to load class "org.slf4j.impl.StaticLoggerBinder".
SLF4J: Defaulting to no-operation (NOP) logger implementation
SLF4J: See http://www.slf4j.org/codes.html#StaticLoggerBinder for further details.
{"logLevel":"debug","message":"gauge-java took 462milliseconds to load and scan. This should be less than 'runner_connection_timeout' config value."}
{"logLevel":"debug","message":"run 'gauge config runner_connection_timeout' and verify that it is < 462"}
{"logLevel":"debug","message":"starting gRPC server..."}
{"logLevel":"debug","message":"started gRPC server on port 34537"}
{"logLevel":"info","message":"Listening on port:34537"}
{"logLevel":"debug","message":"Scanning packages for steps"}
{"logLevel":"debug","message":"Comparing 'home.third' and 'home.third'"}
{"logLevel":"debug","message":"Found abcdef in current project scope."}
{"logLevel":"debug","message":"Scanning packages for hooks"}
{"logLevel":"debug","message":"Scanned steps (using static parsing + reflections): "}
{"logLevel":"debug","message":"\tabcdef : public void third() throws InterruptedException"}
Starting ChromeDriver 103.0.5060.134 (8ec6fce403b3feb0869b0732eda8bd95011d333c-refs/branch-heads/5060@{#1262}) on port 18323
Only local connections are allowed.
Please see https://chromedriver.chromium.org/security-considerations for suggestions on keeping ChromeDriver safe.
ChromeDriver was started successfully.
Jul 29, 2022 4:00:50 PM org.openqa.selenium.remote.ProtocolHandshake createSession
INFO: Detected dialect: W3C
{"logLevel":"debug","message":"Executing 'abcdef' using 'class home.third"}
 here is size of link: 164
abcc XenonStack - Cloud Native and Data Intelligence Company
abcc  Blogs and Insights on Cloud, DevOps, Big Data Analytics, AI-XenonStack
abcc  The Neural Company Enablers for Digital Transformation
abcc  XenonStack - Cloud Native and Data Intelligence Company
abcc  Artificial Intelligence Services and Solutions Company
abcc  Cloud Consulting Services, Advisory and Solutions Company
abcc  Big Data Consulting Services and Solutions Company
abcc  Digital Platform Engineering and Development Services Company
abcc  Computer Vision Services and Solutions Company - XenonStack
abcc  RPA Consulting Services, Development and Solution Company
abcc  Customer Analytics Services and Strategy Consulting Solutions
abcc  Natural Language Processing Services and Solutions Company
abcc  Cloud Native Application Development Services and Solutions
abcc  Application Modernization Services, Strategy and Solutions
abcc  Cloud Migration Services, Strategy and Solutions Company
abcc  Hybrid-Multi Cloud Solutions and Services - XenonStack
abcc  Big Data Consulting Services and Solutions Company
abcc  Data Warehouse Consulting Services and Solutions Company
abcc  Big Data Analytics Consulting Services and Solution Company
abcc  Internet of Things (IoT) Consulting Services and Solutions
abcc  Data Visualization Consulting Services and Solutions Company
abcc  Digital Platform Engineering and Development Services Company
abcc  Connected Intelligent Enterprise Solutions Company
abcc  Cloud Security Consulting Services and Deployment Solutions
abcc  Cloud Managed Services and Hybrid Management Platform
abcc  Digital Consulting Services for Business Transformation
abcc  Technology Solutions and End-to-End Service Provider
abcc  Digital Transformation Consulting Services and Solutions
abcc  GCP Migration and Application Modernization Services
abcc  AWS Cloud Migration Services and Consulting Solutions Company
abcc  Azure Cloud Migration and Modernization Services
abcc  Kubernetes Consulting Services and Solutions Provider Company
abcc  Continuous Delivery Solutions and Services with GitOps
abcc  Enterprise Knowledge Graph Solutions and Consulting Services
abcc  Data Catalog Platform with Governance and Security - Elixirdata
abcc  Machine Learning Development Services Company
abcc  Serverless Development and Data Engineering Services
abcc  Nexastack - The Infrastructure as Code Platform for Cloud Native
abcc  Real Time Analytics Services and Solutions - XenonStack
abcc  Digital Twin Consulting Services and Solutions for MetaVerse
abcc  Big Data Testing Services , Strategy and Solutions - XenonStack
abcc  Enterprise Search Solutions and Services Consulting Company
abcc  Blockchain Services and Development Solutions Company
abcc  Business Intelligence Services and Solutions - XenonStack
abcc  Digital Transformation Consulting Services and Solutions
abcc  Cloud Assessment and Adoption for DevOps, Big Data, AI - XenonStack
abcc  Artificial Intelligence Solutions for Data-Driven Enterprises
abcc  End-to-End DevOps Readiness Assessment for Enterprises
abcc  Cloud Strategy and Maturity Assessment for Enterprises
abcc  Big Data Maturity Model and Readiness Assessment
abcc  Data Science and Machine Learning Assessment
abcc  AI Services and Solutions for Infrastructure Development - XenonStack
abcc  Artificial Intelligence Solutions for Healthcare - XenonStack
abcc  Artificial Intelligence Services Offerings for Public Safety
abcc  Artificial Intelligence Powered for Finance, Banking Industry
abcc  Artificial Intelligence Enabled Cyber Security Solutions
abcc  Artificial Intelligence Solutions for Retail and Supply Chain Industry
abcc  AI and Analytics Driven Solutions for Insurance Sector - XenonStack
abcc  Artificial Intelligence based Solutions for Manufacturing
abcc  Industrial Digital Transformation Strategy and Business Consulting
abcc  Industrial Digital Transformation Strategy and Business Consulting
abcc  Blogs and Insights on Cloud, DevOps, Big Data Analytics, AI-XenonStack
abcc  XenonStack Data Insights on DevOps, Cloud and Data Science
abcc  Videos on AI | DevOps | Real-Time Streaming Analytics - XenonStack
abcc  Solution Architecture And Use Cases - XenonStack
abcc  XenonStack Industry Insights for DevOps, Data Science, Cloud and AI
abcc  Blogs and Insights on Cloud, DevOps, Big Data Analytics, AI-XenonStack
abcc  XenonStack Data Insights on DevOps, Cloud and Data Science
abcc  Videos on AI | DevOps | Real-Time Streaming Analytics - XenonStack
abcc  Solution Architecture And Use Cases - XenonStack
abcc  XenonStack Industry Insights for DevOps, Data Science, Cloud and AI
abcc  The Path to Become a Neural Company
abcc  XenonStack Cloud and DevOps Partners and Clients - XenonStack
abcc  The Path to Become a Neural Company
abcc  About us | Neural Company - MetaVerse | XenonStack
abcc  Our Purpose, Core Values, and Mission | XenonStack
abcc  How We Work | XenonStack Principles
abcc  How we work | XenonStack Principles
abcc  XenonStack Cloud and DevOps Partners and Clients - XenonStack
abcc  Stacklabs Training Academy - Ready to use Hands-on Cloud Enabled Labs
abcc  The Neural Company Enablers for Digital Transformation
abcc  The Path to Become a Neural Company
abcc  Strategic Partner for Cloud Native and AI Transformation
abcc  Blogs and Insights on Cloud, DevOps, Big Data Analytics, AI-XenonStack
abcc  The Neural Company Enablers for Digital Transformation
abcc  Customer Journey
abcc  Cloud Native Application Development Services and Solutions
abcc  Data Management and Analytics Services & Solutions - DataOps
abcc  Artificial Intelligence Services and Solutions Company
abcc  Digital Platform Engineering and Development Services Company
abcc  Cloud Consulting Services, Advisory and Solutions Company
abcc  Big Data Analytics Consulting Services and Solution Company
abcc  RPA Consulting Services, Development and Solution Company
abcc  Managed Cyber Security Consulting Solutions and Service Providers
abcc  Cloud Managed Services and Hybrid Management Platform
abcc  Artificial Intelligence Services and Solutions Company
abcc  Site Reliability Engineering Managed Services and Solutions
abcc  Data Intelligence Services and Analytics Solutions
abcc  Technology Solutions and End-to-End Service Provider
abcc  Digital Platform Strategy: Why and How It is Important for Businesses
abcc  Industrial Digital Transformation Strategy and Business Consulting
abcc  Solution Architecture And Use Cases - XenonStack
abcc  Building Internal Developer Platform for Enterprises
abcc  Managed SIEM Solutions Provider and SOC Consulting Services
abcc  BuildIng Data Observability Enabled Platform Solutions
abcc  Explainable AI (XAI) and ModelOps Solutions
abcc  Blogs and Insights on Cloud, DevOps, Big Data Analytics, AI-XenonStack | Data Science
abcc  Edge AI vs Federated Learning | Complete Overview
abcc  Blogs and Insights on Cloud, DevOps, Big Data Analytics, AI-XenonStack | Enterprise AI
abcc  Briefing Machine learning Platforms with Services and Solutions
abcc  Blogs and Insights on Cloud, DevOps, Big Data Analytics, AI-XenonStack | Big Data Engineering
abcc  Acknowledging Data Management Best Practices with DataOps
abcc  Blogs and Insights on Cloud, DevOps, Big Data Analytics, AI-XenonStack | DevOps
abcc  Top 10 Best Practices for Enterprise DevOps Transformation
abcc  The Path to Become a Neural Company
abcc  CNCF Cloud Native Interactive Landscape
abcc  Linux Foundation Members - Linux Foundation
abcc  LF AI & Data Landscape
abcc  AWS Partner XenonStack
abcc  Partner Directory | Google Cloud - Partner profile
abcc  HashiCorp: Infrastructure enables innovation
abcc  CNCF Cloud Native Interactive Landscape
abcc  Find the right app | Microsoft AppSource
abcc  XenonStack - YouTube
abcc  Sign In | LinkedIn
abcc  XenonStack | Facebook
abcc  Twitter
abcc  Xenonstack – Medium
abcc  XenonStack (@teamxenonstack) • Instagram photos and videos
abcc  About us | Neural Company - MetaVerse | XenonStack
abcc  Digital Consulting Services for Business Transformation
abcc  Digital Transformation Consulting Services and Solutions
abcc  Careers - Opportunities in Cloud,DevOps, Big Data and AI
abcc  User Experience Design Agency, UX Design Services - XenonStack
abcc  Enterprise Application Development Services and Management Solutions
abcc  Software Development and Engineering Services and Solutions
abcc  Digital Product Development and Engineering Services Company
abcc  Data Science Consulting Services and Solutions Company
abcc  Cloud Strategy and Maturity Assessment for Enterprises
abcc  Big Data Maturity Model and Readiness Assessment
abcc  End-to-End DevOps Readiness Assessment for Enterprises
abcc  Data Science and Machine Learning Assessment
abcc  Enterprise Knowledge Graph Solutions and Consulting Services
abcc  Data Catalog Platform with Governance and Security - Elixirdata
abcc  Augmented Data Management and Quality Solutions
abcc  AWS Serverless Solutions and Services - XenonStack
abcc  How to Improve Workplace Productivity with Video Analytics?
abcc  Understanding Time-series Databases in Real-Time Analytics 
abcc  Managed Data Analytics Services and Solutions | XenonStack
abcc  Site Reliability Engineering Managed Services and Solutions
abcc  Fully Managed Cloud AI Services and Solution offerings
abcc  On-Premise AI Cluster Managed Services
abcc  Careers - Opportunities in Cloud,DevOps, Big Data and AI
abcc  Digital Product Development and Engineering Services Company
abcc  ElixirData | Data Mesh as a Platform
abcc  Nexastack - Infrastructure as Code Platform
abcc  Metasecure - Cloud Native Security Observability Platform
abcc  MLOps Platform for EDGE AI and Enterprise AI
abcc  Terms and Conditions | Privacy Policy | XenonStack
abcc  Terms and Conditions | Privacy Policy | XenonStack
abcc  Terms and Conditions | Privacy Policy | XenonStack
abcc  Terms and Conditions | Privacy Policy | XenonStack
abcc  Terms and Conditions | Privacy Policy | XenonStack
abcc  Terms and Conditions | Privacy Policy | XenonStack
0
{"logLevel":"debug","message":"Killing Java runner..."}
{"logLevel":"debug","message":"Stopping execution pool..."}
{"logLevel":"debug","message":"Shutting down grpc server..."}
{"logLevel":"debug","message":"Runner killed gracefully."}
