{"logLevel":"debug","message":"multithreading is set to false"}
{"logLevel":"debug","message":"Using reflection to scan dependencies for gauge implementations..."}
SLF4J: Failed to load class "org.slf4j.impl.StaticLoggerBinder".
SLF4J: Defaulting to no-operation (NOP) logger implementation
SLF4J: See http://www.slf4j.org/codes.html#StaticLoggerBinder for further details.
{"logLevel":"debug","message":"gauge-java took 2356milliseconds to load and scan. This should be less than 'runner_connection_timeout' config value."}
{"logLevel":"debug","message":"run 'gauge config runner_connection_timeout' and verify that it is < 2356"}
{"logLevel":"debug","message":"starting gRPC server..."}
{"logLevel":"debug","message":"started gRPC server on port 46827"}
{"logLevel":"info","message":"Listening on port:46827"}
{"logLevel":"debug","message":"Scanning packages for steps"}
{"logLevel":"debug","message":"Comparing 'home.third' and 'home.third'"}
{"logLevel":"debug","message":"Found abcdef in current project scope."}
{"logLevel":"debug","message":"Scanning packages for hooks"}
{"logLevel":"debug","message":"Scanned steps (using static parsing + reflections): "}
{"logLevel":"debug","message":"\tabcdef : public void third() throws InterruptedException"}
Starting ChromeDriver 103.0.5060.134 (8ec6fce403b3feb0869b0732eda8bd95011d333c-refs/branch-heads/5060@{#1262}) on port 28104
Only local connections are allowed.
Please see https://chromedriver.chromium.org/security-considerations for suggestions on keeping ChromeDriver safe.
ChromeDriver was started successfully.
Jul 29, 2022 6:30:15 PM org.openqa.selenium.remote.ProtocolHandshake createSession
INFO: Detected dialect: W3C
{"logLevel":"debug","message":"Executing 'abcdef' using 'class home.third"}
 here is size of link: 163
String
String
aaahttps://www.xenonstack.com/
bbbhttps://www.xenonstack.com/
no response
aaahttps://www.xenonstack.com/blog/
bbbhttps://www.xenonstack.com/blog/
no response
aaahttps://www.xenonstack.com/neural-company-enablers/
bbbhttps://www.xenonstack.com/neural-company-enablers/
no response
aaahttps://www.xenonstack.com/
bbbhttps://www.xenonstack.com/
no response
aaahttps://www.xenonstack.com/artificial-intelligence-services/
bbbhttps://www.xenonstack.com/artificial-intelligence-services/
no response
aaahttps://www.xenonstack.com/cloud-services/
bbbhttps://www.xenonstack.com/cloud-services/
no response
aaahttps://www.xenonstack.com/services/big-data-services/
bbbhttps://www.xenonstack.com/services/big-data-services/
no response
aaahttps://www.xenonstack.com/product-engineering/platform-services/
bbbhttps://www.xenonstack.com/product-engineering/platform-services/
no response
aaahttps://www.xenonstack.com/artificial-intelligence-services/computer-vision/
bbbhttps://www.xenonstack.com/artificial-intelligence-services/computer-vision/
no response
aaahttps://www.xenonstack.com/artificial-intelligence-services/rpa-services/
bbbhttps://www.xenonstack.com/artificial-intelligence-services/rpa-services/
no response
aaahttps://www.xenonstack.com/artificial-intelligence-services/cognitive-customer-analytics/
bbbhttps://www.xenonstack.com/artificial-intelligence-services/cognitive-customer-analytics/
no response
aaahttps://www.xenonstack.com/artificial-intelligence-services/natural-language-processing/
bbbhttps://www.xenonstack.com/artificial-intelligence-services/natural-language-processing/
no response
aaahttps://www.xenonstack.com/solutions/cloud-native-applications/
bbbhttps://www.xenonstack.com/solutions/cloud-native-applications/
no response
aaahttps://www.xenonstack.com/solutions/application-modernization/
bbbhttps://www.xenonstack.com/solutions/application-modernization/
no response
aaahttps://www.xenonstack.com/services/cloud-migration/
bbbhttps://www.xenonstack.com/services/cloud-migration/
no response
aaahttps://www.xenonstack.com/hybrid-and-multi-cloud/
bbbhttps://www.xenonstack.com/hybrid-and-multi-cloud/
no response
aaahttps://www.xenonstack.com/services/big-data-services/
bbbhttps://www.xenonstack.com/services/big-data-services/
no response
aaahttps://www.xenonstack.com/solutions/data-warehouse/
bbbhttps://www.xenonstack.com/solutions/data-warehouse/
no response
aaahttps://www.xenonstack.com/big-data-analytics/
bbbhttps://www.xenonstack.com/big-data-analytics/
no response
aaahttps://www.xenonstack.com/solutions/internet-of-things/
bbbhttps://www.xenonstack.com/solutions/internet-of-things/
no response
aaahttps://www.xenonstack.com/big-data-analytics/data-visualization/
bbbhttps://www.xenonstack.com/big-data-analytics/data-visualization/
no response
aaahttps://www.xenonstack.com/product-engineering/platform-services/
bbbhttps://www.xenonstack.com/product-engineering/platform-services/
no response
aaahttps://www.xenonstack.com/connected-intelligent-enterprise/
bbbhttps://www.xenonstack.com/connected-intelligent-enterprise/
no response
aaahttps://www.xenonstack.com/cloud-security/
bbbhttps://www.xenonstack.com/cloud-security/
no response
aaahttps://www.xenonstack.com/managed-services/
bbbhttps://www.xenonstack.com/managed-services/
no response
aaahttps://www.xenonstack.com/services/
bbbhttps://www.xenonstack.com/services/
no response
aaahttps://www.xenonstack.com/technology-consulting/
bbbhttps://www.xenonstack.com/technology-consulting/
no response
aaahttps://www.xenonstack.com/solutions/
bbbhttps://www.xenonstack.com/solutions/
no response
aaahttps://www.xenonstack.com/technology-consulting/google-cloud-platform/
bbbhttps://www.xenonstack.com/technology-consulting/google-cloud-platform/
no response
aaahttps://www.xenonstack.com/technology-consulting/aws-cloud-services/
bbbhttps://www.xenonstack.com/technology-consulting/aws-cloud-services/
no response
aaahttps://www.xenonstack.com/technology-consulting/azure-cloud-services/
bbbhttps://www.xenonstack.com/technology-consulting/azure-cloud-services/
no response
aaahttps://www.xenonstack.com/solutions/kubernetes-solutions/
bbbhttps://www.xenonstack.com/solutions/kubernetes-solutions/
no response
aaahttps://www.xenonstack.com/gitops-continuous-delivery/
bbbhttps://www.xenonstack.com/gitops-continuous-delivery/
no response
aaahttps://www.xenonstack.com/knowledge-graph/
bbbhttps://www.xenonstack.com/knowledge-graph/
no response
aaahttps://www.xenonstack.com/product-engineering/data-catalog-platform/
bbbhttps://www.xenonstack.com/product-engineering/data-catalog-platform/
no response
aaahttps://www.xenonstack.com/big-data-analytics/machine-learning/
bbbhttps://www.xenonstack.com/big-data-analytics/machine-learning/
no response
aaahttps://www.xenonstack.com/services/serverless-development/
bbbhttps://www.xenonstack.com/services/serverless-development/
no response
aaahttps://www.xenonstack.com/product-engineering/infrastructure-as-code-platform/
bbbhttps://www.xenonstack.com/product-engineering/infrastructure-as-code-platform/
no response
aaahttps://www.xenonstack.com/services/real-time-analytics/
bbbhttps://www.xenonstack.com/services/real-time-analytics/
no response
aaahttps://www.xenonstack.com/digital-twin/
bbbhttps://www.xenonstack.com/digital-twin/
no response
aaahttps://www.xenonstack.com/solutions/big-data-testing/
bbbhttps://www.xenonstack.com/solutions/big-data-testing/
no response
aaahttps://www.xenonstack.com/enterprise-search/
bbbhttps://www.xenonstack.com/enterprise-search/
no response
aaahttps://www.xenonstack.com/solutions/blockchain/
bbbhttps://www.xenonstack.com/solutions/blockchain/
no response
aaahttps://www.xenonstack.com/solutions/business-intelligence/
bbbhttps://www.xenonstack.com/solutions/business-intelligence/
no response
aaahttps://www.xenonstack.com/solutions/
bbbhttps://www.xenonstack.com/solutions/
no response
aaahttps://www.xenonstack.com/readiness-assessment/
bbbhttps://www.xenonstack.com/readiness-assessment/
no response
aaahttps://www.xenonstack.com/artificial-intelligence-solutions/
bbbhttps://www.xenonstack.com/artificial-intelligence-solutions/
no response
aaahttps://www.xenonstack.com/readiness-assessment/devops-strategy/
bbbhttps://www.xenonstack.com/readiness-assessment/devops-strategy/
no response
aaahttps://www.xenonstack.com/readiness-assessment/cloud-consulting/
bbbhttps://www.xenonstack.com/readiness-assessment/cloud-consulting/
no response
aaahttps://www.xenonstack.com/readiness-assessment/big-data-assessment/
bbbhttps://www.xenonstack.com/readiness-assessment/big-data-assessment/
no response
aaahttps://www.xenonstack.com/readiness-assessment/data-science-strategy/
bbbhttps://www.xenonstack.com/readiness-assessment/data-science-strategy/
no response
aaahttps://www.xenonstack.com/artificial-intelligence-solutions/infrastructure/
bbbhttps://www.xenonstack.com/artificial-intelligence-solutions/infrastructure/
no response
aaahttps://www.xenonstack.com/artificial-intelligence-solutions/healthcare/
bbbhttps://www.xenonstack.com/artificial-intelligence-solutions/healthcare/
no response
aaahttps://www.xenonstack.com/artificial-intelligence-solutions/public-safety/
bbbhttps://www.xenonstack.com/artificial-intelligence-solutions/public-safety/
no response
aaahttps://www.xenonstack.com/artificial-intelligence-solutions/banking-and-finance/
bbbhttps://www.xenonstack.com/artificial-intelligence-solutions/banking-and-finance/
no response
aaahttps://www.xenonstack.com/artificial-intelligence-solutions/cyber-security/
bbbhttps://www.xenonstack.com/artificial-intelligence-solutions/cyber-security/
no response
aaahttps://www.xenonstack.com/artificial-intelligence-solutions/retail-supply-chain/
bbbhttps://www.xenonstack.com/artificial-intelligence-solutions/retail-supply-chain/
no response
aaahttps://www.xenonstack.com/artificial-intelligence-solutions/insurance/
bbbhttps://www.xenonstack.com/artificial-intelligence-solutions/insurance/
no response
aaahttps://www.xenonstack.com/artificial-intelligence-solutions/manufacturing/
bbbhttps://www.xenonstack.com/artificial-intelligence-solutions/manufacturing/
no response
aaahttps://www.xenonstack.com/industries/
bbbhttps://www.xenonstack.com/industries/
no response
aaahttps://www.xenonstack.com/industries/
bbbhttps://www.xenonstack.com/industries/
no response
aaahttps://www.xenonstack.com/blog/
bbbhttps://www.xenonstack.com/blog/
no response
aaahttps://www.xenonstack.com/insights/
bbbhttps://www.xenonstack.com/insights/
no response
aaahttps://www.xenonstack.com/videos/
bbbhttps://www.xenonstack.com/videos/
no response
aaahttps://www.xenonstack.com/use-cases/
bbbhttps://www.xenonstack.com/use-cases/
no response
aaahttps://www.xenonstack.com/resources/
bbbhttps://www.xenonstack.com/resources/
no response
aaahttps://www.xenonstack.com/blog/
bbbhttps://www.xenonstack.com/blog/
no response
aaahttps://www.xenonstack.com/insights/
bbbhttps://www.xenonstack.com/insights/
no response
aaahttps://www.xenonstack.com/videos/
bbbhttps://www.xenonstack.com/videos/
no response
aaahttps://www.xenonstack.com/use-cases/
bbbhttps://www.xenonstack.com/use-cases/
no response
aaahttps://www.xenonstack.com/resources/
bbbhttps://www.xenonstack.com/resources/
no response
aaahttps://www.xenonstack.com/neural-company/
bbbhttps://www.xenonstack.com/neural-company/
no response
aaahttps://www.xenonstack.com/about-us/partners-clients/
bbbhttps://www.xenonstack.com/about-us/partners-clients/
no response
aaahttps://www.xenonstack.com/neural-company/
bbbhttps://www.xenonstack.com/neural-company/
no response
aaahttps://www.xenonstack.com/about-us/
bbbhttps://www.xenonstack.com/about-us/
no response
aaahttps://www.xenonstack.com/our-purpose/
bbbhttps://www.xenonstack.com/our-purpose/
no response
aaahttps://www.xenonstack.com/how-we-work/
bbbhttps://www.xenonstack.com/how-we-work/
no response
aaahttps://www.xenonstack.com/how-we-grow/
bbbhttps://www.xenonstack.com/how-we-grow/
no response
aaahttps://www.xenonstack.com/about-us/partners-clients/
bbbhttps://www.xenonstack.com/about-us/partners-clients/
no response
aaahttps://www.xenonstack.com/xenonstack-university/
bbbhttps://www.xenonstack.com/xenonstack-university/
no response
aaahttps://www.xenonstack.com/neural-company-enablers/
bbbhttps://www.xenonstack.com/neural-company-enablers/
no response
aaahttps://www.xenonstack.com/neural-company/
bbbhttps://www.xenonstack.com/neural-company/
no response
aaahttps://www.xenonstack.com/contact-us/
bbbhttps://www.xenonstack.com/contact-us/
no response
aaahttps://www.xenonstack.com/blog/
bbbhttps://www.xenonstack.com/blog/
no response
aaahttps://www.xenonstack.com/neural-company-enablers/
bbbhttps://www.xenonstack.com/neural-company-enablers/
no response
aaahttps://enterprise.xenonstack.com/
bbbhttps://enterprise.xenonstack.com/
no response
aaahttps://www.xenonstack.com/solutions/cloud-native-applications/
bbbhttps://www.xenonstack.com/solutions/cloud-native-applications/
no response
aaahttps://www.xenonstack.com/services/dataops/
bbbhttps://www.xenonstack.com/services/dataops/
no response
aaahttps://www.xenonstack.com/artificial-intelligence-services/
bbbhttps://www.xenonstack.com/artificial-intelligence-services/
no response
aaahttps://www.xenonstack.com/product-engineering/platform-services/
bbbhttps://www.xenonstack.com/product-engineering/platform-services/
no response
aaahttps://www.xenonstack.com/cloud-services/
bbbhttps://www.xenonstack.com/cloud-services/
no response
aaahttps://www.xenonstack.com/big-data-analytics/
bbbhttps://www.xenonstack.com/big-data-analytics/
no response
aaahttps://www.xenonstack.com/artificial-intelligence-services/rpa-services/
bbbhttps://www.xenonstack.com/artificial-intelligence-services/rpa-services/
no response
aaahttps://www.xenonstack.com/cyber-security/
bbbhttps://www.xenonstack.com/cyber-security/
no response
aaahttps://www.xenonstack.com/managed-services/
bbbhttps://www.xenonstack.com/managed-services/
no response
aaahttps://www.xenonstack.com/artificial-intelligence-services/
bbbhttps://www.xenonstack.com/artificial-intelligence-services/
no response
aaahttps://www.xenonstack.com/sre-managed/
bbbhttps://www.xenonstack.com/sre-managed/
no response
aaahttps://www.xenonstack.com/services/data-intelligence/
bbbhttps://www.xenonstack.com/services/data-intelligence/
no response
aaahttps://www.xenonstack.com/technology-consulting/
bbbhttps://www.xenonstack.com/technology-consulting/
no response
aaahttps://www.xenonstack.com/insights/digital-platform
bbbhttps://www.xenonstack.com/insights/digital-platform
no response
aaahttps://www.xenonstack.com/industries/
bbbhttps://www.xenonstack.com/industries/
no response
aaahttps://www.xenonstack.com/use-cases/
bbbhttps://www.xenonstack.com/use-cases/
no response
aaahttps://www.xenonstack.com/internal-developer-platform/
bbbhttps://www.xenonstack.com/internal-developer-platform/
no response
aaahttps://www.xenonstack.com/cloud-siem-managed/
bbbhttps://www.xenonstack.com/cloud-siem-managed/
no response
aaahttps://www.xenonstack.com/data-observability/
bbbhttps://www.xenonstack.com/data-observability/
no response
aaahttps://www.xenonstack.com/explainable-ai-modelops/
bbbhttps://www.xenonstack.com/explainable-ai-modelops/
no response
aaahttps://www.xenonstack.com/blog/tag/data-science
bbbhttps://www.xenonstack.com/blog/tag/data-science
no response
aaahttps://www.xenonstack.com/blog/edge-ai-vs-federated-learning
bbbhttps://www.xenonstack.com/blog/edge-ai-vs-federated-learning
no response
aaahttps://www.xenonstack.com/blog/tag/enterprise-ai
bbbhttps://www.xenonstack.com/blog/tag/enterprise-ai
no response
aaahttps://www.xenonstack.com/blog/machine-learning-platforms
bbbhttps://www.xenonstack.com/blog/machine-learning-platforms
no response
aaahttps://www.xenonstack.com/blog/tag/big-data-engineering
bbbhttps://www.xenonstack.com/blog/tag/big-data-engineering
no response
aaahttps://www.xenonstack.com/blog/data-management-best-practices
bbbhttps://www.xenonstack.com/blog/data-management-best-practices
no response
aaahttps://www.xenonstack.com/blog/tag/devops
bbbhttps://www.xenonstack.com/blog/tag/devops
no response
aaahttps://www.xenonstack.com/blog/seven-best-practices-for-enterprise-devops
bbbhttps://www.xenonstack.com/blog/seven-best-practices-for-enterprise-devops
no response
aaahttps://www.xenonstack.com/neural-company/
bbbhttps://www.xenonstack.com/neural-company/
no response
aaahttps://landscape.cncf.io/members?selected=xenon-stack-member
bbbhttps://www.youtube.com/c/XenonStackOfficial
no response
aaahttps://www.linuxfoundation.org/join/members/
bbbhttps://www.linkedin.com/company/xenonstack/
no response
aaahttps://landscape.lfai.foundation/members?zoom=120
bbbhttps://www.facebook.com/XenonStack
no response
aaahttps://partners.amazonaws.com/partners/001E000001AoR0YIAV/XenonStack
bbbhttps://twitter.com/xenonstack
no response
aaahttps://cloud.withgoogle.com/partners/detail/?id=xenonstack&hl=en-GB
bbbhttps://medium.com/@xenonstack
no response
aaahttps://www.hashicorp.com/
bbbhttps://www.instagram.com/teamxenonstack/
no response
aaahttps://landscape.cncf.io/card-mode?organization=xenon-stack&selected=xenon-stack-kcsp
bbbhttps://www.xenonstack.com/blog/
no response
aaahttps://www.microsoft.com/en-in/solution-providers/partnerdetails/8a2cd0b5-3295-47c4-8827-26b211c833b2/f7e5bac0-4340-4ec5-81c2-28c006dbc361
bbbhttps://www.xenonstack.com/about-us/
no response
aaahttps://www.youtube.com/c/XenonStackOfficial
bbbhttps://www.xenonstack.com/careers/
no response
aaahttps://www.linkedin.com/company/xenonstack/
bbbhttps://www.xenonstack.com/neural-company-enablers/
no response
aaahttps://www.facebook.com/XenonStack
bbbhttps://www.xenonstack.com/services/devops/
no response
aaahttps://twitter.com/xenonstack
bbbhttps://www.xenonstack.com/solutions/kubernetes/
no response
aaahttps://medium.com/@xenonstack
bbbhttps://www.xenonstack.com/data-observability/
no response
aaahttps://www.instagram.com/teamxenonstack/
bbbhttps://www.xenonstack.com/enterprise/serverless-development/
no response
aaahttps://www.xenonstack.com/about-us/
bbbhttps://www.xenonstack.com/solutions/application-modernization/
no response
aaahttps://www.xenonstack.com/services/
bbbhttps://www.xenonstack.com/knowledge-graph/
no response
aaahttps://www.xenonstack.com/solutions/
bbbhttps://www.xenonstack.com/solutions/internet-of-things/
no response
aaahttps://www.xenonstack.com/careers/
bbbhttps://www.xenonstack.com/services/real-time-analytics/
no response
aaahttps://www.xenonstack.com/product-engineering/user-experience/
bbbhttps://www.xenonstack.com/solutions/data-lake/
no response
aaahttps://www.xenonstack.com/solutions/enterprise-application/
bbbhttps://www.xenonstack.com/solutions/data-warehouse/
no response
aaahttps://www.xenonstack.com/services/software-development/
bbbhttps://www.xenonstack.com/artificial-intelligence-services/computer-vision/
no response
aaahttps://www.xenonstack.com/product-engineering/
bbbhttps://www.xenonstack.com/enterprise-search/
no response
aaahttps://www.xenonstack.com/big-data-analytics/data-science/
bbbhttps://www.xenonstack.com/blog/mlops
no response
aaahttps://www.xenonstack.com/readiness-assessment/cloud-consulting/
bbbhttps://www.xenonstack.com/talk-to-specialist/conversational-ai/
no response
aaahttps://www.xenonstack.com/readiness-assessment/big-data-assessment/
bbbhttps://www.xenonstack.com/artificial-intelligence-services/rpa-services/
no response
aaahttps://www.xenonstack.com/readiness-assessment/devops-strategy/
bbbhttps://www.xenonstack.com/product-engineering/user-experience/
no response
aaahttps://www.xenonstack.com/readiness-assessment/data-science-strategy/
bbbhttps://www.xenonstack.com/blog/ai-based-video-analytics
no response
aaahttps://www.xenonstack.com/knowledge-graph/
bbbhttps://www.xenonstack.com/cloud-security/
no response
aaahttps://www.xenonstack.com/product-engineering/data-catalog-platform/
bbbhttps://www.xenonstack.com/solutions/cloud-native-applications/
no response
aaahttps://www.xenonstack.com/augmented-data-quality/
bbbhttps://www.xenonstack.com/product-engineering/platform-services/
no response
aaahttps://www.xenonstack.com/aws-serverless-solutions/
bbbhttps://www.xenonstack.com/managed-services/dataops/
no response
aaahttps://www.xenonstack.com/insights/workplace-analytics/
bbbhttps://www.xenonstack.com/sre-managed/
no response
aaahttps://www.xenonstack.com/insights/time-series-databases-in-real-time-analytics/
bbbhttps://www.xenonstack.com/insights/managed-analytics
no response
aaahttps://www.xenonstack.com/insights/managed-analytics/
bbbhttps://www.xenonstack.com/managed-ai-cloud/
no response
aaahttps://www.xenonstack.com/sre-managed/
bbbhttps://www.xenonstack.com/cloud-siem-managed/
no response
aaahttps://www.xenonstack.com/managed-ai-cloud/
bbbhttps://landscape.cncf.io/members?selected=xenon-stack-member
no response
aaahttps://www.xenonstack.com/on-prem-ai-cluster/
bbbhttps://www.linuxfoundation.org/join/members/
no response
aaahttps://www.xenonstack.com/careers/
bbbhttps://landscape.lfai.foundation/members?zoom=120
no response
aaahttps://www.xenonstack.com/product-engineering/
bbbhttps://partner.microsoft.com/en-IN/
no response
aaahttps://www.elixirdata.com/
bbbhttps://cloud.withgoogle.com/partners/detail/?id=xenonstack&hl=en-GB
no response
aaahttps://www.nexastack.com/
bbbhttps://databricks.com/company/partners
no response
aaahttps://www.metasecure.ai/
bbbhttps://landscape.cncf.io/card-mode?organization=xenon-stack&selected=xenon-stack-kcsp
no response
aaahttps://www.akira.ai/
bbbhttps://partners.amazonaws.com/partners/001E000001AoR0YIAV/XenonStack
no response
aaahttps://www.xenonstack.com/privacy-policy/
bbbhttps://www.xenonstack.com/privacy-policy/
no response
aaahttps://www.xenonstack.com/privacy-policy/
bbbhttps://www.xenonstack.com/privacy-policy/
no response
aaahttps://www.xenonstack.com/privacy-policy/
bbbhttps://www.xenonstack.com/privacy-policy/
no response
aaahttps://www.xenonstack.com/privacy-policy/
bbbhttps://www.xenonstack.com/privacy-policy/
no response
aaahttps://www.xenonstack.com/privacy-policy/
bbbhttps://www.xenonstack.com/privacy-policy/
no response
0
{"logLevel":"debug","message":"Killing Java runner..."}
{"logLevel":"debug","message":"Stopping execution pool..."}
{"logLevel":"debug","message":"Shutting down grpc server..."}
{"logLevel":"debug","message":"Runner killed gracefully."}
