{"logLevel":"debug","message":"multithreading is set to false"}
{"logLevel":"debug","message":"Using reflection to scan dependencies for gauge implementations..."}
SLF4J: Failed to load class "org.slf4j.impl.StaticLoggerBinder".
SLF4J: Defaulting to no-operation (NOP) logger implementation
SLF4J: See http://www.slf4j.org/codes.html#StaticLoggerBinder for further details.
{"logLevel":"debug","message":"gauge-java took 2197milliseconds to load and scan. This should be less than 'runner_connection_timeout' config value."}
{"logLevel":"debug","message":"run 'gauge config runner_connection_timeout' and verify that it is < 2197"}
{"logLevel":"debug","message":"starting gRPC server..."}
{"logLevel":"debug","message":"started gRPC server on port 44849"}
{"logLevel":"info","message":"Listening on port:44849"}
{"logLevel":"debug","message":"Scanning packages for steps"}
{"logLevel":"debug","message":"Comparing 'home.validateAllTheHeadings' and 'home.validateAllTheHeadings'"}
{"logLevel":"debug","message":"Found Validate all the headings in current project scope."}
{"logLevel":"debug","message":"Comparing 'home.third' and 'home.third'"}
{"logLevel":"debug","message":"Found Links validation and titles validation in current project scope."}
{"logLevel":"debug","message":"Comparing 'home.verifyTheContentForFachSubHeading' and 'home.verifyTheContentForFachSubHeading'"}
{"logLevel":"debug","message":"Found Verify the contents in current project scope."}
{"logLevel":"debug","message":"Scanning packages for hooks"}
{"logLevel":"debug","message":"Scanned steps (using static parsing + reflections): "}
{"logLevel":"debug","message":"\tLinks validation and titles validation : public void third() throws InterruptedException"}
{"logLevel":"debug","message":"\tVerify the contents : public void verifyTheContentForFachSubHeading()"}
{"logLevel":"debug","message":"\tValidate all the headings : public void validateAllTheHeadings()"}
{"logLevel":"debug","message":"Killing Java runner..."}
{"logLevel":"debug","message":"Stopping execution pool..."}
{"logLevel":"debug","message":"Shutting down grpc server..."}
{"logLevel":"debug","message":"Runner killed gracefully."}
