{"logLevel":"debug","message":"multithreading is set to false"}
{"logLevel":"debug","message":"Using reflection to scan dependencies for gauge implementations..."}
SLF4J: Failed to load class "org.slf4j.impl.StaticLoggerBinder".
SLF4J: Defaulting to no-operation (NOP) logger implementation
SLF4J: See http://www.slf4j.org/codes.html#StaticLoggerBinder for further details.
{"logLevel":"debug","message":"gauge-java took 526milliseconds to load and scan. This should be less than 'runner_connection_timeout' config value."}
{"logLevel":"debug","message":"run 'gauge config runner_connection_timeout' and verify that it is < 526"}
{"logLevel":"debug","message":"starting gRPC server..."}
{"logLevel":"debug","message":"started gRPC server on port 35075"}
{"logLevel":"info","message":"Listening on port:35075"}
{"logLevel":"debug","message":"Scanning packages for steps"}
{"logLevel":"debug","message":"Comparing 'home.validateAllTheHeadings' and 'home.validateAllTheHeadings'"}
{"logLevel":"debug","message":"Found Validate all the headings in current project scope."}
{"logLevel":"debug","message":"Comparing 'cloud_migration.validateAllTheHeadingsForCloudMigrationPage' and 'cloud_migration.validateAllTheHeadingsForCloudMigrationPage'"}
{"logLevel":"debug","message":"Found Validate all the headings for cloud migration page in current project scope."}
{"logLevel":"debug","message":"Comparing 'home.third' and 'home.third'"}
{"logLevel":"debug","message":"Found Links validation and titles validation in current project scope."}
{"logLevel":"debug","message":"Comparing 'cloud_migration.verifyTheContentsForCloudMigrationPage' and 'cloud_migration.verifyTheContentsForCloudMigrationPage'"}
{"logLevel":"debug","message":"Found Verify the contents for cloud migration page in current project scope."}
{"logLevel":"debug","message":"Comparing 'home.verifyTheContentForFachSubHeading' and 'home.verifyTheContentForFachSubHeading'"}
{"logLevel":"debug","message":"Found Verify the contents in current project scope."}
{"logLevel":"debug","message":"Comparing 'cloud_migration.linksValidationAndTitlesValidationForCloudMigrationPage' and 'cloud_migration.linksValidationAndTitlesValidationForCloudMigrationPage'"}
{"logLevel":"debug","message":"Found Links validation and titles validation for cloud migration page in current project scope."}
{"logLevel":"debug","message":"Scanning packages for hooks"}
{"logLevel":"debug","message":"Scanned steps (using static parsing + reflections): "}
{"logLevel":"debug","message":"\tVerify the contents for cloud migration page : public void verifyTheContentsForCloudMigrationPage()"}
{"logLevel":"debug","message":"\tLinks validation and titles validation : public void third() throws InterruptedException"}
{"logLevel":"debug","message":"\tVerify the contents : public void verifyTheContentForFachSubHeading()"}
{"logLevel":"debug","message":"\tLinks validation and titles validation for cloud migration page : public void linksValidationAndTitlesValidationForCloudMigrationPage()"}
{"logLevel":"debug","message":"\tValidate all the headings for cloud migration page : public void validateAllTheHeadingsForCloudMigrationPage()"}
{"logLevel":"debug","message":"\tValidate all the headings : public void validateAllTheHeadings()"}
Starting ChromeDriver 103.0.5060.134 (8ec6fce403b3feb0869b0732eda8bd95011d333c-refs/branch-heads/5060@{#1262}) on port 8046
Only local connections are allowed.
Please see https://chromedriver.chromium.org/security-considerations for suggestions on keeping ChromeDriver safe.
ChromeDriver was started successfully.
Aug 08, 2022 10:28:41 AM org.openqa.selenium.remote.ProtocolHandshake createSession
INFO: Detected dialect: W3C
{"logLevel":"debug","message":"Executing 'Links validation and titles validation for cloud migration page' using 'class cloud_migration.linksValidationAndTitlesValidationForCloudMigrationPage"}
https://www.xenonstack.com/
https://www.xenonstack.com/blog/
https://www.xenonstack.com/neural-company-enablers/
https://www.xenonstack.com/
https://www.xenonstack.com/artificial-intelligence-services/
https://www.xenonstack.com/cloud-services/
https://www.xenonstack.com/services/big-data-services/
https://www.xenonstack.com/product-engineering/platform-services/
https://www.xenonstack.com/artificial-intelligence-services/computer-vision/
https://www.xenonstack.com/artificial-intelligence-services/rpa-services/
https://www.xenonstack.com/artificial-intelligence-services/cognitive-customer-analytics/
https://www.xenonstack.com/artificial-intelligence-services/natural-language-processing/
https://www.xenonstack.com/solutions/cloud-native-applications/
https://www.xenonstack.com/solutions/application-modernization/
https://www.xenonstack.com/services/cloud-migration/
https://www.xenonstack.com/hybrid-and-multi-cloud/
https://www.xenonstack.com/services/big-data-services/
https://www.xenonstack.com/solutions/data-warehouse/
https://www.xenonstack.com/big-data-analytics/
https://www.xenonstack.com/solutions/internet-of-things/
https://www.xenonstack.com/big-data-analytics/data-visualization/
https://www.xenonstack.com/product-engineering/platform-services/
https://www.xenonstack.com/connected-intelligent-enterprise/
https://www.xenonstack.com/cloud-security/
https://www.xenonstack.com/managed-services/
https://www.xenonstack.com/services/
https://www.xenonstack.com/technology-consulting/
https://www.xenonstack.com/solutions/
https://www.xenonstack.com/technology-consulting/google-cloud-platform/
https://www.xenonstack.com/technology-consulting/aws-cloud-services/
https://www.xenonstack.com/technology-consulting/azure-cloud-services/
https://www.xenonstack.com/solutions/kubernetes-solutions/
https://www.xenonstack.com/gitops-continuous-delivery/
https://www.xenonstack.com/knowledge-graph/
https://www.xenonstack.com/product-engineering/data-catalog-platform/
https://www.xenonstack.com/big-data-analytics/machine-learning/
https://www.xenonstack.com/services/serverless-development/
https://www.xenonstack.com/product-engineering/infrastructure-as-code-platform/
https://www.xenonstack.com/services/real-time-analytics/
https://www.xenonstack.com/digital-twin/
https://www.xenonstack.com/solutions/big-data-testing/
https://www.xenonstack.com/enterprise-search/
https://www.xenonstack.com/solutions/blockchain/
https://www.xenonstack.com/solutions/business-intelligence/
https://www.xenonstack.com/solutions/
https://www.xenonstack.com/readiness-assessment/
https://www.xenonstack.com/artificial-intelligence-solutions/
https://www.xenonstack.com/readiness-assessment/devops-strategy/
https://www.xenonstack.com/readiness-assessment/cloud-consulting/
https://www.xenonstack.com/readiness-assessment/big-data-assessment/
https://www.xenonstack.com/readiness-assessment/data-science-strategy/
https://www.xenonstack.com/artificial-intelligence-solutions/infrastructure/
https://www.xenonstack.com/artificial-intelligence-solutions/healthcare/
https://www.xenonstack.com/artificial-intelligence-solutions/public-safety/
https://www.xenonstack.com/artificial-intelligence-solutions/banking-and-finance/
https://www.xenonstack.com/artificial-intelligence-solutions/cyber-security/
https://www.xenonstack.com/artificial-intelligence-solutions/retail-supply-chain/
https://www.xenonstack.com/artificial-intelligence-solutions/insurance/
https://www.xenonstack.com/artificial-intelligence-solutions/manufacturing/
https://www.xenonstack.com/industries/
https://www.xenonstack.com/industries/
https://www.xenonstack.com/blog/
https://www.xenonstack.com/insights/
https://www.xenonstack.com/videos/
https://www.xenonstack.com/use-cases/
https://www.xenonstack.com/resources/
https://www.xenonstack.com/blog/
https://www.xenonstack.com/insights/
https://www.xenonstack.com/videos/
https://www.xenonstack.com/use-cases/
https://www.xenonstack.com/resources/
https://www.xenonstack.com/neural-company/
https://www.xenonstack.com/about-us/partners-clients/
https://www.xenonstack.com/neural-company/
https://www.xenonstack.com/about-us/
https://www.xenonstack.com/our-purpose/
https://www.xenonstack.com/how-we-work/
https://www.xenonstack.com/how-we-grow/
https://www.xenonstack.com/about-us/partners-clients/
https://www.xenonstack.com/xenonstack-university/
https://www.xenonstack.com/neural-company-enablers/
https://www.xenonstack.com/neural-company/
https://www.xenonstack.com/contact-us/
https://www.xenonstack.com/blog/
https://www.xenonstack.com/neural-company-enablers/
https://www.xenonstack.com/services/cloud-migration/#overview
https://www.xenonstack.com/services/cloud-migration/#strategy
https://www.xenonstack.com/services/cloud-migration/#solution
https://www.xenonstack.com/services/cloud-migration/#technology-consulting
https://www.xenonstack.com/services/cloud-migration/#insights
https://www.xenonstack.com/services/cloud-migration/#how-we-can-help
https://www.xenonstack.com/services/cloud-migration/#resource
https://www.xenonstack.com/talk-to-specialist/cloud/
http://www.facebook.com/share.php?u=https://www.xenonstack.com/services/cloud-migration/
https://twitter.com/intent/tweet?text=I+found+this+interesting+blog+post&url=https://www.xenonstack.com/services/cloud-migration/
http://www.linkedin.com/shareArticle?mini=true&url=https://www.xenonstack.com/services/cloud-migration/
mailto:?subject=Check%20out%20https://www.xenonstack.com/services/cloud-migration/%20&body=Check%20out%20https://www.xenonstack.com/services/cloud-migration/
https://www.xenonstack.com/insights/elements-for-cloud-migration
https://www.xenonstack.com/solutions/cloud-infrastructure/
https://www.xenonstack.com/hybrid-and-multi-cloud/
https://www.xenonstack.com/solutions/cloud-native-applications/
https://www.xenonstack.com/managed-services/
https://www.xenonstack.com/cloud-services/
https://www.xenonstack.com/technology-consulting/
https://www.xenonstack.com/cloud-services/google-cloud/
https://www.xenonstack.com/cloud-services/aws-services/
https://www.xenonstack.com/cloud-services/azure-services/
https://www.xenonstack.com/insights/multi-cloud-management/
https://www.xenonstack.com/insights/refactor-vs-lift-and-shift/
https://www.xenonstack.com/insights/reasons-to-adopt-hybrid-multi-cloud-strategy/
https://www.xenonstack.com/blog/data-analytics-in-insurance
https://www.xenonstack.com/blog/graph-analytics-use-cases
https://www.xenonstack.com/blog/building-serverless-application-on-azure
https://www.xenonstack.com/blog/mlops-security-layers
https://www.xenonstack.com/blog/natural-language-processing
https://www.xenonstack.com/blog/ai-in-software-testing
https://www.xenonstack.com/blog/infrastructure-as-code-on-aws
https://www.xenonstack.com/blog/ansible
https://www.xenonstack.com/blog/compliance-as-a-code/
https://www.xenonstack.com/blog/best-practices-data-visualization
https://www.xenonstack.com/blog/minimize-the-main-thread-work
https://www.xenonstack.com/blog/data-visualization-with-tableau
https://www.xenonstack.com/blog/computer-vision-applications
https://www.xenonstack.com/blog/modelops-monitoring-kpis
https://www.xenonstack.com/blog/ai-based-video-analytics
https://www.xenonstack.com/blog/gcp-serverless-computing/
https://www.xenonstack.com/blog/aws-serverless-computing/
https://www.xenonstack.com/blog/performance-automation-testing
https://www.xenonstack.com/blog/monitoring-as-a-service-in-cloud
https://www.xenonstack.com/blog/cloud-governance
https://www.xenonstack.com/blog/functional-vs-class-components
https://www.xenonstack.com/blog/kubernetes-based-event-driven-autoscaling-keda
https://www.xenonstack.com/blog/helm-kubernetes/
https://www.xenonstack.com/blog/container-storage-interface
https://www.xenonstack.com/blog/aws-security-services
https://www.xenonstack.com/blog/secure-code-best-practices
https://www.xenonstack.com/blog/http-security-headers
https://www.xenonstack.com/blog/xenonstack-2021
https://www.xenonstack.com/blog/xenonstack-glassdoor
https://www.xenonstack.com/blog/2020-calendar-xenonstack
https://www.xenonstack.com/readiness-assessment/
null
null
null
null
null
null
null
null
null
null
https://www.xenonstack.com/insights/cloud-migration-checklist/
https://www.xenonstack.com/services/cloud-migration/#
https://www.xenonstack.com/insights/cloud-migration-checklist/
https://www.xenonstack.com/services/cloud-migration/#
https://www.xenonstack.com/insights/elements-for-cloud-migration/
https://www.xenonstack.com/services/cloud-migration/#
https://www.xenonstack.com/insights/elements-for-cloud-migration/
https://www.xenonstack.com/services/cloud-migration/#
https://www.xenonstack.com/use-cases/cloud-data-migration/
https://www.xenonstack.com/services/cloud-migration/#
https://www.xenonstack.com/use-cases/cloud-data-migration/
https://www.xenonstack.com/services/cloud-migration/#
https://www.xenonstack.com/insights/aiops/
https://www.xenonstack.com/insights/hybrid-vs-multi-vs-hybrid-multi-cloud/
https://www.xenonstack.com/blog/cloud-governance/
https://www.xenonstack.com/insights/managed-sre-solutions/
https://www.youtube.com/c/XenonStackOfficial
https://www.linkedin.com/company/xenonstack/
https://www.facebook.com/XenonStack
https://twitter.com/xenonstack
https://medium.com/@xenonstack
https://www.instagram.com/teamxenonstack/
https://www.xenonstack.com/about-us/
https://www.xenonstack.com/neural-company-enablers/
https://www.xenonstack.com/blog/
https://www.xenonstack.com/careers/
https://www.xenonstack.com/contact-us/
https://www.xenonstack.com/services/devops/
https://www.xenonstack.com/solutions/kubernetes/
https://www.xenonstack.com/data-observability/
https://www.xenonstack.com/enterprise/serverless-development/
https://www.xenonstack.com/solutions/application-modernization/
https://www.xenonstack.com/knowledge-graph/
https://www.xenonstack.com/solutions/internet-of-things/
https://www.xenonstack.com/services/real-time-analytics/
https://www.xenonstack.com/solutions/data-lake/
https://www.xenonstack.com/solutions/data-warehouse/
https://www.xenonstack.com/artificial-intelligence-services/computer-vision/
https://www.xenonstack.com/enterprise-search/
https://www.xenonstack.com/blog/mlops
https://www.xenonstack.com/talk-to-specialist/conversational-ai/
https://www.xenonstack.com/artificial-intelligence-services/rpa-services/
https://www.xenonstack.com/product-engineering/user-experience/
https://www.xenonstack.com/blog/ai-based-video-analytics
https://www.xenonstack.com/cloud-security/
https://www.xenonstack.com/solutions/cloud-native-applications/
https://www.xenonstack.com/product-engineering/platform-services/
https://www.xenonstack.com/managed-services/dataops/
https://www.xenonstack.com/sre-managed/
https://www.xenonstack.com/insights/managed-analytics
https://www.xenonstack.com/managed-ai-cloud/
https://www.xenonstack.com/cloud-siem-managed/
https://landscape.cncf.io/members?selected=xenon-stack-member
https://www.linuxfoundation.org/join/members/
https://landscape.lfai.foundation/members?zoom=120
https://appsource.microsoft.com/en-in/marketplace/partner-dir/8a2cd0b5-3295-47c4-8827-26b211c833b2/overview
https://cloud.withgoogle.com/partners/detail/?id=xenonstack&hl=en-GB
https://databricks.com/company/partners
https://landscape.cncf.io/card-mode?organization=xenon-stack&selected=xenon-stack-kcsp
https://partners.amazonaws.com/partners/001E000001AoR0YIAV/XenonStack
https://www.xenonstack.com/privacy-policy/
https://www.xenonstack.com/privacy-policy/
https://www.xenonstack.com/privacy-policy/
https://www.xenonstack.com/privacy-policy/
https://www.xenonstack.com/privacy-policy/
{"logLevel":"debug","message":"Killing Java runner..."}
{"logLevel":"debug","message":"Stopping execution pool..."}
{"logLevel":"debug","message":"Shutting down grpc server..."}
{"logLevel":"debug","message":"Runner killed gracefully."}
