{"logLevel":"debug","message":"multithreading is set to false"}
{"logLevel":"debug","message":"Using reflection to scan dependencies for gauge implementations..."}
SLF4J: Failed to load class "org.slf4j.impl.StaticLoggerBinder".
SLF4J: Defaulting to no-operation (NOP) logger implementation
SLF4J: See http://www.slf4j.org/codes.html#StaticLoggerBinder for further details.
{"logLevel":"debug","message":"gauge-java took 597milliseconds to load and scan. This should be less than 'runner_connection_timeout' config value."}
{"logLevel":"debug","message":"run 'gauge config runner_connection_timeout' and verify that it is < 597"}
{"logLevel":"debug","message":"starting gRPC server..."}
{"logLevel":"debug","message":"started gRPC server on port 39815"}
{"logLevel":"info","message":"Listening on port:39815"}
{"logLevel":"debug","message":"Scanning packages for steps"}
{"logLevel":"debug","message":"Comparing 'home.imagesInTheHomePage' and 'home.imagesInTheHomePage'"}
{"logLevel":"debug","message":"Found Images in the home page in current project scope."}
{"logLevel":"debug","message":"Comparing 'home.validateAllTheHeadings' and 'home.validateAllTheHeadings'"}
{"logLevel":"debug","message":"Found Validate all the headings in current project scope."}
{"logLevel":"debug","message":"Comparing 'cloud_migration.validateAllTheHeadingsForCloudMigrationPage' and 'cloud_migration.validateAllTheHeadingsForCloudMigrationPage'"}
{"logLevel":"debug","message":"Found Validate all the headings for cloud migration page in current project scope."}
{"logLevel":"debug","message":"Comparing 'home.third' and 'home.third'"}
{"logLevel":"debug","message":"Found Links validation and titles validation in current project scope."}
{"logLevel":"debug","message":"Comparing 'cloud_migration.verifyTheContentsForCloudMigrationPage' and 'cloud_migration.verifyTheContentsForCloudMigrationPage'"}
{"logLevel":"debug","message":"Found Verify the contents for cloud migration page in current project scope."}
{"logLevel":"debug","message":"Comparing 'home.verifyTheContentForFachSubHeading' and 'home.verifyTheContentForFachSubHeading'"}
{"logLevel":"debug","message":"Found Verify the contents in current project scope."}
{"logLevel":"debug","message":"Comparing 'cloud_migration.linksValidationAndTitlesValidationForCloudMigrationPage' and 'cloud_migration.linksValidationAndTitlesValidationForCloudMigrationPage'"}
{"logLevel":"debug","message":"Found Links validation and titles validation for cloud migration page in current project scope."}
{"logLevel":"debug","message":"Scanning packages for hooks"}
{"logLevel":"debug","message":"Scanned steps (using static parsing + reflections): "}
{"logLevel":"debug","message":"\tVerify the contents for cloud migration page : public void verifyTheContentsForCloudMigrationPage()"}
{"logLevel":"debug","message":"\tLinks validation and titles validation : public void third() throws InterruptedException"}
{"logLevel":"debug","message":"\tVerify the contents : public void verifyTheContentForFachSubHeading()"}
{"logLevel":"debug","message":"\tLinks validation and titles validation for cloud migration page : public void linksValidationAndTitlesValidationForCloudMigrationPage()"}
{"logLevel":"debug","message":"\tValidate all the headings for cloud migration page : public void validateAllTheHeadingsForCloudMigrationPage()"}
{"logLevel":"debug","message":"\tImages in the home page : public int imagesInTheHomePage() throws InterruptedException"}
{"logLevel":"debug","message":"\tValidate all the headings : public void validateAllTheHeadings()"}
Starting ChromeDriver 103.0.5060.134 (8ec6fce403b3feb0869b0732eda8bd95011d333c-refs/branch-heads/5060@{#1262}) on port 12982
Only local connections are allowed.
Please see https://chromedriver.chromium.org/security-considerations for suggestions on keeping ChromeDriver safe.
ChromeDriver was started successfully.
Aug 08, 2022 4:05:30 PM org.openqa.selenium.remote.ProtocolHandshake createSession
INFO: Detected dialect: W3C
{"logLevel":"debug","message":"Executing 'Images in the home page' using 'class home.imagesInTheHomePage"}
No. of Images: 157
 images list displayed XenonStack Search
 images env variable XenonStack Search
 images list displayed Xenonstack Logo
 images env variable Xenonstack Logo
 images list displayed Xenonstack Hamburger
 images env variable Xenonstack Hamburger
 images list displayed Building Digital Platform
 images env variable Building Digital Platform
 images list displayed XenonStack Subex
 images env variable XenonStack Subex
 images list displayed XenonStack CNCF
 images env variable XenonStack CNCF
 images list displayed XenonStack Vestas
 images env variable XenonStack Vestas
 images list displayed XenonStack Techstyleos
 images env variable XenonStack Techstyleos
 images list displayed XenonStack Kubernetes
 images env variable Left Arrow
 images list displayed Left Arrow
 images env variable Right Arrow
 images list displayed Right Arrow
 images env variable Snapshot Isolation Icon
 images list displayed Snapshot Isolation Icon
 images env variable Faster Insights Icon
 images list displayed Faster Insights Icon
 images env variable Data Versioning  Icon
 images list displayed Data Versioning  Icon
 images env variable XenonStack Platform Strategy
 images list displayed XenonStack Platform Strategy
 images env variable XenonStack Internal Developer
 images list displayed XenonStack Internal Developer
 images env variable Xenonstack Right Arrow
 images list displayed Xenonstack Right Arrow
 images env variable XenonStack Cloud SIEM
 images list displayed XenonStack Cloud SIEM
 images env variable Xenonstack Right Arrow
 images list displayed Xenonstack Right Arrow
 images env variable XenonStack Data Observability
 images list displayed XenonStack Data Observability
 images env variable Xenonstack Right Arrow
 images list displayed Xenonstack Right Arrow
 images env variable XenonStack Explainable AI ModelOps
 images list displayed XenonStack Explainable AI ModelOps
 images env variable Xenonstack Right Arrow
 images list displayed Xenonstack Right Arrow
 images env variable XenonStack ToolKit
 images list displayed XenonStack ToolKit
 images env variable Youtube
 images list displayed Youtube
 images env variable Linkedin
 images list displayed Linkedin
 images env variable Facebook
 images list displayed Facebook
 images env variable Twitter
 images list displayed Twitter
 images env variable Medium
 images list displayed Medium
 images env variable Instagram
 images list displayed Instagram
 images env variable Cloud Native
 images list displayed Cloud Native
 images env variable Linux
 images list displayed Linux
 images env variable AI Foundation
 images list displayed AI Foundation
 images env variable Xenonstack Microsoft Member
 images list displayed Xenonstack Microsoft Member
 images env variable Google Cloud Member
 images list displayed Google Cloud Member
 images env variable Xenonstack Partners Databricks
 images list displayed Xenonstack Partners Databricks
 images env variable Xenonstack Partners Kubernates
 images list displayed Xenonstack Partners Kubernates
 images env variable AWS Partners
{"logLevel":"debug","message":"Killing Java runner..."}
{"logLevel":"debug","message":"Stopping execution pool..."}
{"logLevel":"debug","message":"Shutting down grpc server..."}
{"logLevel":"debug","message":"Runner killed gracefully."}
