{"logLevel":"debug","message":"multithreading is set to false"}
{"logLevel":"debug","message":"Using reflection to scan dependencies for gauge implementations..."}
SLF4J: Failed to load class "org.slf4j.impl.StaticLoggerBinder".
SLF4J: Defaulting to no-operation (NOP) logger implementation
SLF4J: See http://www.slf4j.org/codes.html#StaticLoggerBinder for further details.
{"logLevel":"debug","message":"gauge-java took 592milliseconds to load and scan. This should be less than 'runner_connection_timeout' config value."}
{"logLevel":"debug","message":"run 'gauge config runner_connection_timeout' and verify that it is < 592"}
{"logLevel":"debug","message":"starting gRPC server..."}
{"logLevel":"debug","message":"started gRPC server on port 39683"}
{"logLevel":"info","message":"Listening on port:39683"}
{"logLevel":"debug","message":"Scanning packages for steps"}
{"logLevel":"debug","message":"Comparing 'home.third' and 'home.third'"}
{"logLevel":"debug","message":"Found abcdef in current project scope."}
{"logLevel":"debug","message":"Scanning packages for hooks"}
{"logLevel":"debug","message":"Scanned steps (using static parsing + reflections): "}
{"logLevel":"debug","message":"\tabcdef : public void third() throws InterruptedException"}
Starting ChromeDriver 103.0.5060.134 (8ec6fce403b3feb0869b0732eda8bd95011d333c-refs/branch-heads/5060@{#1262}) on port 10207
Only local connections are allowed.
Please see https://chromedriver.chromium.org/security-considerations for suggestions on keeping ChromeDriver safe.
ChromeDriver was started successfully.
Jul 27, 2022 6:46:09 PM org.openqa.selenium.remote.ProtocolHandshake createSession
INFO: Detected dialect: W3C
{"logLevel":"debug","message":"Executing 'abcdef' using 'class home.third"}
 here is size of link: 164
The title is: XenonStack - Cloud Native and Data Intelligence Company,,,
The title is: Blogs and Insights on Cloud, DevOps, Big Data Analytics, AI-XenonStack,,,
The title is: The Neural Company Enablers for Digital Transformation,,,
The title is: XenonStack - Cloud Native and Data Intelligence Company,,,
The title is: Artificial Intelligence Services and Solutions Company,,,
The title is: Cloud Consulting Services, Advisory and Solutions Company,,,
The title is: Big Data Consulting Services and Solutions Company,,,
The title is: Digital Platform Engineering and Development Services Company,,,
The title is: Computer Vision Services and Solutions Company - XenonStack,,,
The title is: RPA Consulting Services, Development and Solution Company,,,
The title is: Customer Analytics Services and Strategy Consulting Solutions,,,
The title is: Natural Language Processing Services and Solutions Company,,,
The title is: Cloud Native Application Development Services and Solutions,,,
The title is: Application Modernization Services, Strategy and Solutions,,,
The title is: Cloud Migration Services, Strategy and Solutions Company,,,
The title is: Hybrid-Multi Cloud Solutions and Services - XenonStack,,,
The title is: Big Data Consulting Services and Solutions Company,,,
The title is: Data Warehouse Consulting Services and Solutions Company,,,
The title is: Big Data Analytics Consulting Services and Solution Company,,,
The title is: Internet of Things (IoT) Consulting Services and Solutions,,,
The title is: Data Visualization Consulting Services and Solutions Company,,,
The title is: Digital Platform Engineering and Development Services Company,,,
The title is: Connected Intelligent Enterprise Solutions Company,,,
The title is: Cloud Security Consulting Services and Deployment Solutions,,,
The title is: Cloud Managed Services and Hybrid Management Platform,,,
The title is: Digital Consulting Services for Business Transformation,,,
The title is: Technology Solutions and End-to-End Service Provider,,,
The title is: Digital Transformation Consulting Services and Solutions,,,
The title is: GCP Migration and Application Modernization Services,,,
The title is: AWS Cloud Migration Services and Consulting Solutions Company,,,
The title is: Azure Cloud Migration and Modernization Services,,,
The title is: Kubernetes Consulting Services and Solutions Provider Company,,,
The title is: Continuous Delivery Solutions and Services with GitOps,,,
The title is: Enterprise Knowledge Graph Solutions and Consulting Services,,,
The title is: Data Catalog Platform with Governance and Security - Elixirdata,,,
The title is: Machine Learning Development Services Company,,,
The title is: Serverless Development and Data Engineering Services,,,
The title is: Nexastack - The Infrastructure as Code Platform for Cloud Native,,,
The title is: Real Time Analytics Services and Solutions - XenonStack,,,
The title is: Digital Twin Consulting Services and Solutions for MetaVerse,,,
The title is: Big Data Testing Services , Strategy and Solutions - XenonStack,,,
The title is: Enterprise Search Solutions and Services Consulting Company,,,
The title is: Blockchain Services and Development Solutions Company,,,
The title is: Business Intelligence Services and Solutions - XenonStack,,,
The title is: Digital Transformation Consulting Services and Solutions,,,
The title is: Cloud Assessment and Adoption for DevOps, Big Data, AI - XenonStack,,,
The title is: Artificial Intelligence Solutions for Data-Driven Enterprises,,,
The title is: End-to-End DevOps Readiness Assessment for Enterprises,,,
The title is: Cloud Strategy and Maturity Assessment for Enterprises,,,
The title is: Big Data Maturity Model and Readiness Assessment,,,
The title is: Data Science and Machine Learning Assessment,,,
The title is: AI Services and Solutions for Infrastructure Development - XenonStack,,,
The title is: Artificial Intelligence Solutions for Healthcare - XenonStack,,,
The title is: Artificial Intelligence Services Offerings for Public Safety,,,
The title is: Artificial Intelligence Powered for Finance, Banking Industry,,,
The title is: Artificial Intelligence Enabled Cyber Security Solutions,,,
The title is: Artificial Intelligence Solutions for Retail and Supply Chain Industry,,,
The title is: AI and Analytics Driven Solutions for Insurance Sector - XenonStack,,,
The title is: Artificial Intelligence based Solutions for Manufacturing,,,
The title is: Industrial Digital Transformation Strategy and Business Consulting,,,
The title is: Industrial Digital Transformation Strategy and Business Consulting,,,
The title is: Blogs and Insights on Cloud, DevOps, Big Data Analytics, AI-XenonStack,,,
The title is: XenonStack Data Insights on DevOps, Cloud and Data Science,,,
The title is: Videos on AI | DevOps | Real-Time Streaming Analytics - XenonStack,,,
The title is: Solution Architecture And Use Cases - XenonStack,,,
The title is: XenonStack Industry Insights for DevOps, Data Science, Cloud and AI,,,
The title is: Blogs and Insights on Cloud, DevOps, Big Data Analytics, AI-XenonStack,,,
The title is: XenonStack Data Insights on DevOps, Cloud and Data Science,,,
The title is: Videos on AI | DevOps | Real-Time Streaming Analytics - XenonStack,,,
The title is: Solution Architecture And Use Cases - XenonStack,,,
The title is: XenonStack Industry Insights for DevOps, Data Science, Cloud and AI,,,
The title is: The Path to Become a Neural Company,,,
The title is: XenonStack Cloud and DevOps Partners and Clients - XenonStack,,,
The title is: The Path to Become a Neural Company,,,
The title is: About us | Neural Company - MetaVerse | XenonStack,,,
The title is: Our Purpose, Core Values, and Mission | XenonStack,,,
The title is: How We Work | XenonStack Principles,,,
The title is: How we work | XenonStack Principles,,,
The title is: XenonStack Cloud and DevOps Partners and Clients - XenonStack,,,
The title is: Stacklabs Training Academy - Ready to use Hands-on Cloud Enabled Labs,,,
The title is: The Neural Company Enablers for Digital Transformation,,,
The title is: The Path to Become a Neural Company,,,
The title is: Strategic Partner for Cloud Native and AI Transformation,,,
The title is: Blogs and Insights on Cloud, DevOps, Big Data Analytics, AI-XenonStack,,,
The title is: The Neural Company Enablers for Digital Transformation,,,
The title is: Customer Journey,,,
The title is: Cloud Native Application Development Services and Solutions,,,
The title is: Data Management and Analytics Services & Solutions - DataOps,,,
The title is: Artificial Intelligence Services and Solutions Company,,,
The title is: Digital Platform Engineering and Development Services Company,,,
The title is: Cloud Consulting Services, Advisory and Solutions Company,,,
The title is: Big Data Analytics Consulting Services and Solution Company,,,
The title is: RPA Consulting Services, Development and Solution Company,,,
The title is: Managed Cyber Security Consulting Solutions and Service Providers,,,
The title is: Cloud Managed Services and Hybrid Management Platform,,,
The title is: Artificial Intelligence Services and Solutions Company,,,
The title is: Site Reliability Engineering Managed Services and Solutions,,,
The title is: Data Intelligence Services and Analytics Solutions,,,
The title is: Technology Solutions and End-to-End Service Provider,,,
The title is: Digital Platform Strategy: Why and How It is Important for Businesses,,,
The title is: Industrial Digital Transformation Strategy and Business Consulting,,,
The title is: Solution Architecture And Use Cases - XenonStack,,,
The title is: Building Internal Developer Platform for Enterprises,,,
The title is: Managed SIEM Solutions Provider and SOC Consulting Services,,,
The title is: BuildIng Data Observability Enabled Platform Solutions,,,
The title is: Explainable AI (XAI) and ModelOps Solutions,,,
The title is: Blogs and Insights on Cloud, DevOps, Big Data Analytics, AI-XenonStack | Data Science,,,
The title is: Edge AI vs Federated Learning | Complete Overview,,,
The title is: Blogs and Insights on Cloud, DevOps, Big Data Analytics, AI-XenonStack | Enterprise AI,,,
The title is: Briefing Machine learning Platforms with Services and Solutions,,,
The title is: Blogs and Insights on Cloud, DevOps, Big Data Analytics, AI-XenonStack | Big Data Engineering,,,
The title is: Acknowledging Data Management Best Practices with DataOps,,,
The title is: Blogs and Insights on Cloud, DevOps, Big Data Analytics, AI-XenonStack | DevOps,,,
The title is: Top 10 Best Practices for Enterprise DevOps Transformation,,,
The title is: The Path to Become a Neural Company,,,
The title is: CNCF Cloud Native Interactive Landscape,,,
The title is: Linux Foundation Members - Linux Foundation,,,
The title is: LF AI & Data Landscape,,,
The title is: AWS Partner XenonStack,,,
The title is: Partner Directory | Google Cloud - Partner profile,,,
The title is: HashiCorp: Infrastructure enables innovation,,,
The title is: CNCF Cloud Native Interactive Landscape,,,
The title is: Find the right app | Microsoft AppSource,,,
The title is: XenonStack - YouTube,,,
The title is: Sign In | LinkedIn,,,
The title is: XenonStack | Facebook,,,
The title is: Twitter,,,
The title is: Xenonstack – Medium,,,
The title is: XenonStack (@teamxenonstack) • Instagram photos and videos,,,
The title is: About us | Neural Company - MetaVerse | XenonStack,,,
The title is: Digital Consulting Services for Business Transformation,,,
The title is: Digital Transformation Consulting Services and Solutions,,,
The title is: Careers - Opportunities in Cloud,DevOps, Big Data and AI,,,
The title is: User Experience Design Agency, UX Design Services - XenonStack,,,
The title is: Enterprise Application Development Services and Management Solutions,,,
The title is: Software Development and Engineering Services and Solutions,,,
The title is: Digital Product Development and Engineering Services Company,,,
The title is: Data Science Consulting Services and Solutions Company,,,
The title is: Cloud Strategy and Maturity Assessment for Enterprises,,,
The title is: Big Data Maturity Model and Readiness Assessment,,,
The title is: End-to-End DevOps Readiness Assessment for Enterprises,,,
The title is: Data Science and Machine Learning Assessment,,,
The title is: Enterprise Knowledge Graph Solutions and Consulting Services,,,
The title is: Data Catalog Platform with Governance and Security - Elixirdata,,,
The title is: Augmented Data Management and Quality Solutions,,,
The title is: AWS Serverless Solutions and Services - XenonStack,,,
The title is: How to Improve Workplace Productivity with Video Analytics?,,,
The title is: Understanding Time-series Databases in Real-Time Analytics ,,,
The title is: Managed Data Analytics Services and Solutions | XenonStack,,,
The title is: Site Reliability Engineering Managed Services and Solutions,,,
The title is: Fully Managed Cloud AI Services and Solution offerings,,,
The title is: On-Premise AI Cluster Managed Services,,,
The title is: Careers - Opportunities in Cloud,DevOps, Big Data and AI,,,
The title is: Digital Product Development and Engineering Services Company,,,
The title is: ElixirData | Data Mesh as a Platform,,,
The title is: Nexastack - Infrastructure as Code Platform,,,
The title is: Metasecure - Cloud Native Security Observability Platform,,,
The title is: MLOps Platform for EDGE AI and Enterprise AI,,,
The title is: Terms and Conditions | Privacy Policy | XenonStack,,,
The title is: Terms and Conditions | Privacy Policy | XenonStack,,,
The title is: Terms and Conditions | Privacy Policy | XenonStack,,,
The title is: Terms and Conditions | Privacy Policy | XenonStack,,,
The title is: Terms and Conditions | Privacy Policy | XenonStack,,,
The title is: Terms and Conditions | Privacy Policy | XenonStack,,,
164
{"logLevel":"debug","message":"Killing Java runner..."}
{"logLevel":"debug","message":"Stopping execution pool..."}
{"logLevel":"debug","message":"Shutting down grpc server..."}
{"logLevel":"debug","message":"Runner killed gracefully."}
